Test (2B): leader backs up quickly over incorrect follower logs ...
2019/03/14 21:52:33 <expected index=-1>
2019/03/14 21:52:33 <expected index=-1>
2019/03/14 21:52:33 <expected index=-1>
2019/03/14 21:52:33 <expected index=-1>
2019/03/14 21:52:33 <expected index=-1>
2019/03/14 21:52:33 <expected index=-1>
2019/03/14 21:52:33 <expected index=-1>
2019/03/14 21:52:33 peer=2, election times out, ignoreElection=false
2019/03/14 21:52:33 peer=2 starts election for term=1
2019/03/14 21:52:33 peer=2 is waiting for response for term=1 from other peers
2019/03/14 21:52:33 peer=2 is requesting vote from peer=0 for term=1
2019/03/14 21:52:33 peer=2 is requesting vote from peer=3 for term=1
2019/03/14 21:52:33 peer=2 has received 1 votes in term=1
2019/03/14 21:52:33 peer=2 is requesting vote from peer=4 for term=1
2019/03/14 21:52:33 peer=2 is requesting vote from peer=1 for term=1
2019/03/14 21:52:33 peer=0: grante vote to peer=2 in term=1
2019/03/14 21:52:33 peer=1: grante vote to peer=2 in term=1
2019/03/14 21:52:33 peer=3: grante vote to peer=2 in term=1
2019/03/14 21:52:33 peer=4: grante vote to peer=2 in term=1
2019/03/14 21:52:33 <expected index=-1>
2019/03/14 21:52:33 peer=2 received vote from peer=1 for term=1
2019/03/14 21:52:33 peer=2 received vote from peer=3 for term=1
2019/03/14 21:52:33 peer=2 received vote from peer=0 for term=1
2019/03/14 21:52:33 peer=2 has received 2 votes in term=1
2019/03/14 21:52:33 peer=2 received vote from peer=4 for term=1
2019/03/14 21:52:33 peer=2 has received 3 votes in term=1
2019/03/14 21:52:33 peer=2 has been elected as the leader
2019/03/14 21:52:33 peer=2, nextIndex=[1 1 1 1 1]
2019/03/14 21:52:33 peer=2, matchIndex=[0 0 0 0 0]
2019/03/14 21:52:33 peer=0, election times out, ignoreElection=false
2019/03/14 21:52:33 peer=0 starts election for term=2
2019/03/14 21:52:33 peer=0 is waiting for response for term=2 from other peers
2019/03/14 21:52:33 peer=0 has received 1 votes in term=2
2019/03/14 21:52:33 peer=0 is requesting vote from peer=1 for term=2
2019/03/14 21:52:33 peer=0 is requesting vote from peer=2 for term=2
2019/03/14 21:52:33 peer=0 is requesting vote from peer=4 for term=2
2019/03/14 21:52:33 peer=0 is requesting vote from peer=3 for term=2
2019/03/14 21:52:33 peer=1: grante vote to peer=0 in term=2
2019/03/14 21:52:33 peer=4: grante vote to peer=0 in term=2
2019/03/14 21:52:33 peer=0 received vote from peer=1 for term=2
2019/03/14 21:52:33 peer=0 has received 2 votes in term=2
2019/03/14 21:52:33 peer=3: grante vote to peer=0 in term=2
2019/03/14 21:52:33 peer=0 received vote from peer=4 for term=2
2019/03/14 21:52:33 peer=0 has received 3 votes in term=2
2019/03/14 21:52:33 peer=0 has been elected as the leader
2019/03/14 21:52:33 peer=0, nextIndex=[1 1 1 1 1]
2019/03/14 21:52:33 peer=0 received vote from peer=3 for term=2
2019/03/14 21:52:33 peer=0, matchIndex=[0 0 0 0 0]
2019/03/14 21:52:33 peer=2, election times out, ignoreElection=true
2019/03/14 21:52:34 peer=4, election times out, ignoreElection=false
2019/03/14 21:52:34 peer=4 starts election for term=3
2019/03/14 21:52:34 peer=4 is waiting for response for term=3 from other peers
2019/03/14 21:52:34 peer=4 is requesting vote from peer=0 for term=3
2019/03/14 21:52:34 peer=4 has received 1 votes in term=3
2019/03/14 21:52:34 peer=4 is requesting vote from peer=1 for term=3
2019/03/14 21:52:34 peer=4 is requesting vote from peer=3 for term=3
2019/03/14 21:52:34 peer=4 is requesting vote from peer=2 for term=3
2019/03/14 21:52:34 peer=1: grante vote to peer=4 in term=3
2019/03/14 21:52:34 peer=3: grante vote to peer=4 in term=3
2019/03/14 21:52:34 peer=4 received vote from peer=1 for term=3
2019/03/14 21:52:34 peer=4 has received 2 votes in term=3
2019/03/14 21:52:34 peer=4 received vote from peer=3 for term=3
2019/03/14 21:52:34 peer=4 has received 3 votes in term=3
2019/03/14 21:52:34 peer=4 has been elected as the leader
2019/03/14 21:52:34 peer=4, nextIndex=[1 1 1 1 1]
2019/03/14 21:52:34 peer=4, matchIndex=[0 0 0 0 0]
2019/03/14 21:52:34 peer=0, election times out, ignoreElection=true
2019/03/14 21:52:34 peer=4, election times out, ignoreElection=true
2019/03/14 21:52:34 peer=3, election times out, ignoreElection=false
2019/03/14 21:52:34 peer=3 starts election for term=4
2019/03/14 21:52:34 peer=3 is waiting for response for term=4 from other peers
2019/03/14 21:52:34 peer=3 has received 1 votes in term=4
2019/03/14 21:52:34 peer=3 is requesting vote from peer=1 for term=4
2019/03/14 21:52:34 peer=3 is requesting vote from peer=0 for term=4
2019/03/14 21:52:34 peer=3 is requesting vote from peer=2 for term=4
2019/03/14 21:52:34 peer=3 is requesting vote from peer=4 for term=4
2019/03/14 21:52:34 peer=1: grante vote to peer=3 in term=4
2019/03/14 21:52:34 peer=3 received vote from peer=1 for term=4
2019/03/14 21:52:34 peer=3 has received 2 votes in term=4
2019/03/14 21:52:34 peer=3 starts election for term=5
2019/03/14 21:52:34 peer=3 is requesting vote from peer=0 for term=5
2019/03/14 21:52:34 peer=3 is requesting vote from peer=1 for term=5
2019/03/14 21:52:34 peer=3 is waiting for response for term=5 from other peers
2019/03/14 21:52:34 peer=3 has received 1 votes in term=5
2019/03/14 21:52:34 peer=3 is requesting vote from peer=4 for term=5
2019/03/14 21:52:34 peer=3 is requesting vote from peer=2 for term=5
2019/03/14 21:52:34 peer=1: grante vote to peer=3 in term=5
2019/03/14 21:52:34 peer=3 received vote from peer=1 for term=5
2019/03/14 21:52:34 peer=3 has received 2 votes in term=5
2019/03/14 21:52:35 peer=3 starts election for term=6
2019/03/14 21:52:35 peer=3 is waiting for response for term=6 from other peers
2019/03/14 21:52:35 peer=3 is requesting vote from peer=4 for term=6
2019/03/14 21:52:35 peer=3 is requesting vote from peer=1 for term=6
2019/03/14 21:52:35 peer=3 has received 1 votes in term=6
2019/03/14 21:52:35 peer=3 is requesting vote from peer=0 for term=6
2019/03/14 21:52:35 peer=3 is requesting vote from peer=2 for term=6
2019/03/14 21:52:35 peer=1: grante vote to peer=3 in term=6
2019/03/14 21:52:35 peer=3 received vote from peer=1 for term=6
2019/03/14 21:52:35 peer=3 has received 2 votes in term=6
2019/03/14 21:52:35 peer=1, election times out, ignoreElection=false
2019/03/14 21:52:35 peer=1 starts election for term=7
2019/03/14 21:52:35 peer=1 is waiting for response for term=7 from other peers
2019/03/14 21:52:35 peer=1 is requesting vote from peer=0 for term=7
2019/03/14 21:52:35 peer=1 is requesting vote from peer=2 for term=7
2019/03/14 21:52:35 peer=1 is requesting vote from peer=4 for term=7
2019/03/14 21:52:35 peer=1 is requesting vote from peer=3 for term=7
2019/03/14 21:52:35 peer=1 has received 1 votes in term=7
2019/03/14 21:52:35 peer=3: send signal to terminate current node's election
2019/03/14 21:52:35 peer=3 election terminates
2019/03/14 21:52:35 peer=3: grante vote to peer=1 in term=7
2019/03/14 21:52:35 peer=1 received vote from peer=3 for term=7
2019/03/14 21:52:35 peer=1 has received 2 votes in term=7
2019/03/14 21:52:36 peer=1 starts election for term=8
2019/03/14 21:52:36 peer=1 is waiting for response for term=8 from other peers
2019/03/14 21:52:36 peer=1 is requesting vote from peer=0 for term=8
2019/03/14 21:52:36 peer=1 has received 1 votes in term=8
2019/03/14 21:52:36 peer=1 is requesting vote from peer=2 for term=8
2019/03/14 21:52:36 peer=1 is requesting vote from peer=3 for term=8
2019/03/14 21:52:36 peer=1 is requesting vote from peer=4 for term=8
2019/03/14 21:52:36 peer=3: grante vote to peer=1 in term=8
2019/03/14 21:52:36 peer=1 received vote from peer=3 for term=8
2019/03/14 21:52:36 peer=1 has received 2 votes in term=8
2019/03/14 21:52:36 peer=3, election times out, ignoreElection=true
2019/03/14 21:52:36 peer=1 starts election for term=9
2019/03/14 21:52:36 peer=1 is waiting for response for term=9 from other peers
2019/03/14 21:52:36 peer=1 is requesting vote from peer=2 for term=9
2019/03/14 21:52:36 peer=1 has received 1 votes in term=9
2019/03/14 21:52:36 peer=1 is requesting vote from peer=4 for term=9
2019/03/14 21:52:36 peer=1 is requesting vote from peer=3 for term=9
2019/03/14 21:52:36 peer=1 is requesting vote from peer=0 for term=9
2019/03/14 21:52:36 peer=3: grante vote to peer=1 in term=9
2019/03/14 21:52:36 peer=1 received vote from peer=3 for term=9
2019/03/14 21:52:36 peer=1 has received 2 votes in term=9
2019/03/14 21:52:36 peer=1 starts election for term=10
2019/03/14 21:52:36 peer=1 is waiting for response for term=10 from other peers
2019/03/14 21:52:36 peer=1 has received 1 votes in term=10
2019/03/14 21:52:36 peer=1 is requesting vote from peer=0 for term=10
2019/03/14 21:52:36 peer=1 is requesting vote from peer=4 for term=10
2019/03/14 21:52:36 peer=1 is requesting vote from peer=2 for term=10
2019/03/14 21:52:36 peer=1 is requesting vote from peer=3 for term=10
2019/03/14 21:52:36 peer=3: grante vote to peer=1 in term=10
2019/03/14 21:52:36 peer=1 received vote from peer=3 for term=10
2019/03/14 21:52:36 peer=1 has received 2 votes in term=10
2019/03/14 21:52:37 peer=3, election times out, ignoreElection=false
2019/03/14 21:52:37 peer=3 starts election for term=11
2019/03/14 21:52:37 peer=3 is waiting for response for term=11 from other peers
2019/03/14 21:52:37 peer=3 has received 1 votes in term=11
2019/03/14 21:52:37 peer=3 is requesting vote from peer=0 for term=11
2019/03/14 21:52:37 peer=3 is requesting vote from peer=2 for term=11
2019/03/14 21:52:37 peer=3 is requesting vote from peer=1 for term=11
2019/03/14 21:52:37 peer=3 is requesting vote from peer=4 for term=11
2019/03/14 21:52:37 peer=1: send signal to terminate current node's election
2019/03/14 21:52:37 peer=1 election terminates
2019/03/14 21:52:37 peer=1: grante vote to peer=3 in term=11
2019/03/14 21:52:37 peer=3 received vote from peer=1 for term=11
2019/03/14 21:52:37 peer=3 has received 2 votes in term=11
2019/03/14 21:52:37 peer=3 starts election for term=12
2019/03/14 21:52:37 peer=3 is waiting for response for term=12 from other peers
2019/03/14 21:52:37 peer=3 has received 1 votes in term=12
2019/03/14 21:52:37 peer=3 is requesting vote from peer=1 for term=12
2019/03/14 21:52:37 peer=3 is requesting vote from peer=0 for term=12
2019/03/14 21:52:37 peer=3 is requesting vote from peer=4 for term=12
2019/03/14 21:52:37 peer=3 is requesting vote from peer=2 for term=12
2019/03/14 21:52:37 peer=1: grante vote to peer=3 in term=12
2019/03/14 21:52:37 peer=3 received vote from peer=1 for term=12
2019/03/14 21:52:37 peer=3 has received 2 votes in term=12
2019/03/14 21:52:37 peer=3 starts election for term=13
2019/03/14 21:52:37 peer=3 is waiting for response for term=13 from other peers
2019/03/14 21:52:37 peer=3 is requesting vote from peer=1 for term=13
2019/03/14 21:52:37 peer=3 is requesting vote from peer=2 for term=13
2019/03/14 21:52:37 peer=3 has received 1 votes in term=13
2019/03/14 21:52:37 peer=3 is requesting vote from peer=4 for term=13
2019/03/14 21:52:37 peer=3 is requesting vote from peer=0 for term=13
2019/03/14 21:52:37 peer=1: grante vote to peer=3 in term=13
2019/03/14 21:52:37 peer=3 received vote from peer=1 for term=13
2019/03/14 21:52:37 peer=3 has received 2 votes in term=13
2019/03/14 21:52:38 peer=1, election times out, ignoreElection=true
2019/03/14 21:52:38 peer=3 starts election for term=14
2019/03/14 21:52:38 peer=3 is waiting for response for term=14 from other peers
2019/03/14 21:52:38 peer=3 has received 1 votes in term=14
2019/03/14 21:52:38 peer=3 is requesting vote from peer=4 for term=14
2019/03/14 21:52:38 peer=3 is requesting vote from peer=1 for term=14
2019/03/14 21:52:38 peer=3 is requesting vote from peer=0 for term=14
2019/03/14 21:52:38 peer=3 is requesting vote from peer=2 for term=14
2019/03/14 21:52:38 peer=1: grante vote to peer=3 in term=14
2019/03/14 21:52:38 peer=3 received vote from peer=1 for term=14
2019/03/14 21:52:38 peer=3 has received 2 votes in term=14
2019/03/14 21:52:38 peer=1, election times out, ignoreElection=false
2019/03/14 21:52:38 peer=1 starts election for term=15
2019/03/14 21:52:38 peer=1 is waiting for response for term=15 from other peers
2019/03/14 21:52:38 peer=1 has received 1 votes in term=15
2019/03/14 21:52:38 peer=1 is requesting vote from peer=0 for term=15
2019/03/14 21:52:38 peer=1 is requesting vote from peer=3 for term=15
2019/03/14 21:52:38 peer=1 is requesting vote from peer=4 for term=15
2019/03/14 21:52:38 peer=1 is requesting vote from peer=2 for term=15
2019/03/14 21:52:38 peer=3: send signal to terminate current node's election
2019/03/14 21:52:38 peer=3 election terminates
2019/03/14 21:52:38 peer=3: grante vote to peer=1 in term=15
2019/03/14 21:52:38 peer=1 received vote from peer=3 for term=15
2019/03/14 21:52:38 peer=1 has received 2 votes in term=15
2019/03/14 21:52:38 peer=1 starts election for term=16
2019/03/14 21:52:38 peer=1 is waiting for response for term=16 from other peers
2019/03/14 21:52:38 peer=1 is requesting vote from peer=0 for term=16
2019/03/14 21:52:38 peer=1 is requesting vote from peer=2 for term=16
2019/03/14 21:52:38 peer=1 has received 1 votes in term=16
2019/03/14 21:52:38 peer=1 is requesting vote from peer=4 for term=16
2019/03/14 21:52:38 peer=1 is requesting vote from peer=3 for term=16
2019/03/14 21:52:38 peer=3: grante vote to peer=1 in term=16
2019/03/14 21:52:38 peer=1 received vote from peer=3 for term=16
2019/03/14 21:52:38 peer=1 has received 2 votes in term=16
2019/03/14 21:52:39 peer=3, election times out, ignoreElection=true
2019/03/14 21:52:39 peer=1 starts election for term=17
2019/03/14 21:52:39 peer=1 is waiting for response for term=17 from other peers
2019/03/14 21:52:39 peer=1 is requesting vote from peer=0 for term=17
2019/03/14 21:52:39 peer=1 has received 1 votes in term=17
2019/03/14 21:52:39 peer=1 is requesting vote from peer=2 for term=17
2019/03/14 21:52:39 peer=1 is requesting vote from peer=3 for term=17
2019/03/14 21:52:39 peer=1 is requesting vote from peer=4 for term=17
2019/03/14 21:52:39 peer=3: grante vote to peer=1 in term=17
2019/03/14 21:52:39 peer=1 received vote from peer=3 for term=17
2019/03/14 21:52:39 peer=1 has received 2 votes in term=17
2019/03/14 21:52:39 peer=3, election times out, ignoreElection=false
2019/03/14 21:52:39 peer=3 starts election for term=18
2019/03/14 21:52:39 peer=3 is waiting for response for term=18 from other peers
2019/03/14 21:52:39 peer=3 has received 1 votes in term=18
2019/03/14 21:52:39 peer=3 is requesting vote from peer=1 for term=18
2019/03/14 21:52:39 peer=3 is requesting vote from peer=4 for term=18
2019/03/14 21:52:39 peer=3 is requesting vote from peer=0 for term=18
2019/03/14 21:52:39 peer=3 is requesting vote from peer=2 for term=18
2019/03/14 21:52:39 peer=1: send signal to terminate current node's election
2019/03/14 21:52:39 peer=1: grante vote to peer=3 in term=18
2019/03/14 21:52:39 peer=1 election terminates
2019/03/14 21:52:39 peer=3 received vote from peer=1 for term=18
2019/03/14 21:52:39 peer=3 has received 2 votes in term=18
2019/03/14 21:52:40 peer=3 starts election for term=19
2019/03/14 21:52:40 peer=3 is waiting for response for term=19 from other peers
2019/03/14 21:52:40 peer=3 is requesting vote from peer=1 for term=19
2019/03/14 21:52:40 peer=3 is requesting vote from peer=0 for term=19
2019/03/14 21:52:40 peer=3 has received 1 votes in term=19
2019/03/14 21:52:40 peer=3 is requesting vote from peer=2 for term=19
2019/03/14 21:52:40 peer=1: grante vote to peer=3 in term=19
2019/03/14 21:52:40 peer=3 is requesting vote from peer=4 for term=19
2019/03/14 21:52:40 peer=3 received vote from peer=1 for term=19
2019/03/14 21:52:40 peer=3 has received 2 votes in term=19
2019/03/14 21:52:40 peer=1, election times out, ignoreElection=true
2019/03/14 21:52:40 peer=3 starts election for term=20
2019/03/14 21:52:40 peer=3 is waiting for response for term=20 from other peers
2019/03/14 21:52:40 peer=3 is requesting vote from peer=1 for term=20
2019/03/14 21:52:40 peer=3 is requesting vote from peer=0 for term=20
2019/03/14 21:52:40 peer=3 is requesting vote from peer=2 for term=20
2019/03/14 21:52:40 peer=3 is requesting vote from peer=4 for term=20
2019/03/14 21:52:40 peer=1: grante vote to peer=3 in term=20
2019/03/14 21:52:40 peer=3 has received 1 votes in term=20
2019/03/14 21:52:40 peer=3 received vote from peer=1 for term=20
2019/03/14 21:52:40 peer=3 has received 2 votes in term=20
2019/03/14 21:52:41 peer=1, election times out, ignoreElection=false
2019/03/14 21:52:41 peer=1 starts election for term=21
2019/03/14 21:52:41 peer=1 is waiting for response for term=21 from other peers
2019/03/14 21:52:41 peer=1 is requesting vote from peer=0 for term=21
2019/03/14 21:52:41 peer=1 is requesting vote from peer=2 for term=21
2019/03/14 21:52:41 peer=1 has received 1 votes in term=21
2019/03/14 21:52:41 peer=1 is requesting vote from peer=4 for term=21
2019/03/14 21:52:41 peer=1 is requesting vote from peer=3 for term=21
2019/03/14 21:52:41 peer=3: send signal to terminate current node's election
2019/03/14 21:52:41 peer=3: grante vote to peer=1 in term=21
2019/03/14 21:52:41 peer=3 election terminates
2019/03/14 21:52:41 peer=1 received vote from peer=3 for term=21
2019/03/14 21:52:41 peer=1 has received 2 votes in term=21
2019/03/14 21:52:41 peer=1 starts election for term=22
2019/03/14 21:52:41 peer=1 is waiting for response for term=22 from other peers
2019/03/14 21:52:41 peer=1 has received 1 votes in term=22
2019/03/14 21:52:41 peer=1 is requesting vote from peer=4 for term=22
2019/03/14 21:52:41 peer=1 is requesting vote from peer=0 for term=22
2019/03/14 21:52:41 peer=1 is requesting vote from peer=2 for term=22
2019/03/14 21:52:41 peer=1 is requesting vote from peer=3 for term=22
2019/03/14 21:52:41 peer=3: grante vote to peer=1 in term=22
2019/03/14 21:52:41 peer=1 received vote from peer=3 for term=22
2019/03/14 21:52:41 peer=1 has received 2 votes in term=22
2019/03/14 21:52:41 peer=1 starts election for term=23
2019/03/14 21:52:41 peer=1 is waiting for response for term=23 from other peers
2019/03/14 21:52:41 peer=1 is requesting vote from peer=0 for term=23
2019/03/14 21:52:41 peer=1 has received 1 votes in term=23
2019/03/14 21:52:41 peer=1 is requesting vote from peer=2 for term=23
2019/03/14 21:52:41 peer=1 is requesting vote from peer=3 for term=23
2019/03/14 21:52:41 peer=1 is requesting vote from peer=4 for term=23
2019/03/14 21:52:41 peer=3: grante vote to peer=1 in term=23
2019/03/14 21:52:41 peer=1 received vote from peer=3 for term=23
2019/03/14 21:52:41 peer=1 has received 2 votes in term=23
2019/03/14 21:52:42 peer=1 starts election for term=24
2019/03/14 21:52:42 peer=1 is waiting for response for term=24 from other peers
2019/03/14 21:52:42 peer=1 is requesting vote from peer=0 for term=24
2019/03/14 21:52:42 peer=1 is requesting vote from peer=2 for term=24
2019/03/14 21:52:42 peer=1 has received 1 votes in term=24
2019/03/14 21:52:42 peer=1 is requesting vote from peer=4 for term=24
2019/03/14 21:52:42 peer=1 is requesting vote from peer=3 for term=24
2019/03/14 21:52:42 peer=3: grante vote to peer=1 in term=24
2019/03/14 21:52:42 peer=1 received vote from peer=3 for term=24
2019/03/14 21:52:42 peer=1 has received 2 votes in term=24
2019/03/14 21:52:42 peer=1 starts election for term=25
2019/03/14 21:52:42 peer=1 is waiting for response for term=25 from other peers
2019/03/14 21:52:42 peer=1 is requesting vote from peer=0 for term=25
2019/03/14 21:52:42 peer=1 is requesting vote from peer=2 for term=25
2019/03/14 21:52:42 peer=1 is requesting vote from peer=4 for term=25
2019/03/14 21:52:42 peer=1 is requesting vote from peer=3 for term=25
2019/03/14 21:52:42 peer=1 has received 1 votes in term=25
2019/03/14 21:52:42 peer=3: grante vote to peer=1 in term=25
2019/03/14 21:52:42 peer=1 received vote from peer=3 for term=25
2019/03/14 21:52:42 peer=1 has received 2 votes in term=25
2019/03/14 21:52:42 peer=1 starts election for term=26
2019/03/14 21:52:42 peer=1 is waiting for response for term=26 from other peers
2019/03/14 21:52:42 peer=1 is requesting vote from peer=0 for term=26
2019/03/14 21:52:42 peer=1 has received 1 votes in term=26
2019/03/14 21:52:42 peer=1 is requesting vote from peer=4 for term=26
2019/03/14 21:52:42 peer=3, election times out, ignoreElection=true
2019/03/14 21:52:42 peer=1 is requesting vote from peer=3 for term=26
2019/03/14 21:52:42 peer=1 is requesting vote from peer=2 for term=26
2019/03/14 21:52:42 peer=3: grante vote to peer=1 in term=26
2019/03/14 21:52:42 peer=1 received vote from peer=3 for term=26
2019/03/14 21:52:42 peer=1 has received 2 votes in term=26
2019/03/14 21:52:43 peer=1 starts election for term=27
2019/03/14 21:52:43 peer=1 is waiting for response for term=27 from other peers
2019/03/14 21:52:43 peer=1 is requesting vote from peer=0 for term=27
2019/03/14 21:52:43 peer=1 is requesting vote from peer=4 for term=27
2019/03/14 21:52:43 peer=1 has received 1 votes in term=27
2019/03/14 21:52:43 peer=1 is requesting vote from peer=2 for term=27
2019/03/14 21:52:43 peer=1 is requesting vote from peer=3 for term=27
2019/03/14 21:52:43 peer=3: grante vote to peer=1 in term=27
2019/03/14 21:52:43 peer=1 received vote from peer=3 for term=27
2019/03/14 21:52:43 peer=1 has received 2 votes in term=27
2019/03/14 21:52:43 peer=1 starts election for term=28
2019/03/14 21:52:43 peer=1 is waiting for response for term=28 from other peers
2019/03/14 21:52:43 peer=1 has received 1 votes in term=28
2019/03/14 21:52:43 peer=1 is requesting vote from peer=0 for term=28
2019/03/14 21:52:43 peer=1 is requesting vote from peer=4 for term=28
2019/03/14 21:52:43 peer=1 is requesting vote from peer=3 for term=28
2019/03/14 21:52:43 peer=1 is requesting vote from peer=2 for term=28
2019/03/14 21:52:43 peer=3: grante vote to peer=1 in term=28
2019/03/14 21:52:43 peer=1 received vote from peer=3 for term=28
2019/03/14 21:52:43 peer=1 has received 2 votes in term=28
2019/03/14 21:52:44 peer=1 starts election for term=29
2019/03/14 21:52:44 peer=1 is waiting for response for term=29 from other peers
2019/03/14 21:52:44 peer=1 is requesting vote from peer=0 for term=29
2019/03/14 21:52:44 peer=1 is requesting vote from peer=4 for term=29
2019/03/14 21:52:44 peer=1 has received 1 votes in term=29
2019/03/14 21:52:44 peer=1 is requesting vote from peer=3 for term=29
2019/03/14 21:52:44 peer=1 is requesting vote from peer=2 for term=29
2019/03/14 21:52:44 peer=3: grante vote to peer=1 in term=29
2019/03/14 21:52:44 peer=1 received vote from peer=3 for term=29
2019/03/14 21:52:44 peer=1 has received 2 votes in term=29
2019/03/14 21:52:44 peer=3, election times out, ignoreElection=false
2019/03/14 21:52:44 peer=3 starts election for term=30
2019/03/14 21:52:44 peer=3 is waiting for response for term=30 from other peers
2019/03/14 21:52:44 peer=3 has received 1 votes in term=30
2019/03/14 21:52:44 peer=3 is requesting vote from peer=0 for term=30
2019/03/14 21:52:44 peer=3 is requesting vote from peer=1 for term=30
2019/03/14 21:52:44 peer=3 is requesting vote from peer=4 for term=30
2019/03/14 21:52:44 peer=3 is requesting vote from peer=2 for term=30
2019/03/14 21:52:44 peer=1: send signal to terminate current node's election
2019/03/14 21:52:44 peer=1 election terminates
2019/03/14 21:52:44 peer=1: grante vote to peer=3 in term=30
2019/03/14 21:52:44 peer=3 received vote from peer=1 for term=30
2019/03/14 21:52:44 peer=3 has received 2 votes in term=30
2019/03/14 21:52:44 peer=3 starts election for term=31
2019/03/14 21:52:44 peer=3 is waiting for response for term=31 from other peers
2019/03/14 21:52:44 peer=3 has received 1 votes in term=31
2019/03/14 21:52:44 peer=3 is requesting vote from peer=0 for term=31
2019/03/14 21:52:44 peer=3 is requesting vote from peer=1 for term=31
2019/03/14 21:52:44 peer=3 is requesting vote from peer=4 for term=31
2019/03/14 21:52:44 peer=3 is requesting vote from peer=2 for term=31
2019/03/14 21:52:44 peer=1: grante vote to peer=3 in term=31
2019/03/14 21:52:44 peer=3 received vote from peer=1 for term=31
2019/03/14 21:52:44 peer=3 has received 2 votes in term=31
2019/03/14 21:52:45 peer=1, election times out, ignoreElection=true
2019/03/14 21:52:45 peer=3 starts election for term=32
2019/03/14 21:52:45 peer=3 is waiting for response for term=32 from other peers
2019/03/14 21:52:45 peer=3 is requesting vote from peer=1 for term=32
2019/03/14 21:52:45 peer=3 is requesting vote from peer=0 for term=32
2019/03/14 21:52:45 peer=3 is requesting vote from peer=4 for term=32
2019/03/14 21:52:45 peer=3 is requesting vote from peer=2 for term=32
2019/03/14 21:52:45 peer=3 has received 1 votes in term=32
2019/03/14 21:52:45 peer=1: grante vote to peer=3 in term=32
2019/03/14 21:52:45 peer=3 received vote from peer=1 for term=32
2019/03/14 21:52:45 peer=3 has received 2 votes in term=32
2019/03/14 21:52:45 peer=3 starts election for term=33
2019/03/14 21:52:45 peer=3 is waiting for response for term=33 from other peers
2019/03/14 21:52:45 peer=3 has received 1 votes in term=33
2019/03/14 21:52:45 peer=3 is requesting vote from peer=0 for term=33
2019/03/14 21:52:45 peer=3 is requesting vote from peer=1 for term=33
2019/03/14 21:52:45 peer=3 is requesting vote from peer=4 for term=33
2019/03/14 21:52:45 peer=3 is requesting vote from peer=2 for term=33
2019/03/14 21:52:45 peer=1: grante vote to peer=3 in term=33
2019/03/14 21:52:45 peer=3 received vote from peer=1 for term=33
2019/03/14 21:52:45 peer=3 has received 2 votes in term=33
2019/03/14 21:52:45 peer=3 starts election for term=34
2019/03/14 21:52:45 peer=3 is waiting for response for term=34 from other peers
2019/03/14 21:52:45 peer=3 has received 1 votes in term=34
2019/03/14 21:52:45 peer=3 is requesting vote from peer=0 for term=34
2019/03/14 21:52:45 peer=3 is requesting vote from peer=1 for term=34
2019/03/14 21:52:45 peer=3 is requesting vote from peer=4 for term=34
2019/03/14 21:52:45 peer=3 is requesting vote from peer=2 for term=34
2019/03/14 21:52:45 peer=1: grante vote to peer=3 in term=34
2019/03/14 21:52:45 peer=3 received vote from peer=1 for term=34
2019/03/14 21:52:45 peer=3 has received 2 votes in term=34
2019/03/14 21:52:46 peer=3 starts election for term=35
2019/03/14 21:52:46 peer=3 is waiting for response for term=35 from other peers
2019/03/14 21:52:46 peer=3 has received 1 votes in term=35
2019/03/14 21:52:46 peer=3 is requesting vote from peer=0 for term=35
2019/03/14 21:52:46 peer=3 is requesting vote from peer=1 for term=35
2019/03/14 21:52:46 peer=3 is requesting vote from peer=2 for term=35
2019/03/14 21:52:46 peer=3 is requesting vote from peer=4 for term=35
2019/03/14 21:52:46 peer=1: grante vote to peer=3 in term=35
2019/03/14 21:52:46 peer=3 received vote from peer=1 for term=35
2019/03/14 21:52:46 peer=3 has received 2 votes in term=35
2019/03/14 21:52:46 peer=3 starts election for term=36
2019/03/14 21:52:46 peer=3 is waiting for response for term=36 from other peers
2019/03/14 21:52:46 peer=3 has received 1 votes in term=36
2019/03/14 21:52:46 peer=3 is requesting vote from peer=4 for term=36
2019/03/14 21:52:46 peer=3 is requesting vote from peer=1 for term=36
2019/03/14 21:52:46 peer=3 is requesting vote from peer=0 for term=36
2019/03/14 21:52:46 peer=3 is requesting vote from peer=2 for term=36
2019/03/14 21:52:46 peer=1: grante vote to peer=3 in term=36
2019/03/14 21:52:46 peer=3 received vote from peer=1 for term=36
2019/03/14 21:52:46 peer=3 has received 2 votes in term=36
2019/03/14 21:52:46 peer=1, election times out, ignoreElection=false
2019/03/14 21:52:46 peer=1 starts election for term=37
2019/03/14 21:52:46 peer=1 is waiting for response for term=37 from other peers
2019/03/14 21:52:46 peer=1 has received 1 votes in term=37
2019/03/14 21:52:46 peer=1 is requesting vote from peer=0 for term=37
2019/03/14 21:52:46 peer=1 is requesting vote from peer=2 for term=37
2019/03/14 21:52:46 peer=1 is requesting vote from peer=4 for term=37
2019/03/14 21:52:46 peer=1 is requesting vote from peer=3 for term=37
2019/03/14 21:52:46 peer=3: send signal to terminate current node's election
2019/03/14 21:52:46 peer=3: grante vote to peer=1 in term=37
2019/03/14 21:52:46 peer=3 election terminates
2019/03/14 21:52:46 peer=1 received vote from peer=3 for term=37
2019/03/14 21:52:46 peer=1 has received 2 votes in term=37
2019/03/14 21:52:47 peer=3, election times out, ignoreElection=true
2019/03/14 21:52:47 peer=1 starts election for term=38
2019/03/14 21:52:47 peer=1 is waiting for response for term=38 from other peers
2019/03/14 21:52:47 peer=1 is requesting vote from peer=0 for term=38
2019/03/14 21:52:47 peer=1 is requesting vote from peer=2 for term=38
2019/03/14 21:52:47 peer=1 has received 1 votes in term=38
2019/03/14 21:52:47 peer=1 is requesting vote from peer=3 for term=38
2019/03/14 21:52:47 peer=1 is requesting vote from peer=4 for term=38
2019/03/14 21:52:47 peer=3: grante vote to peer=1 in term=38
2019/03/14 21:52:47 peer=1 received vote from peer=3 for term=38
2019/03/14 21:52:47 peer=1 has received 2 votes in term=38
2019/03/14 21:52:47 peer=1 starts election for term=39
2019/03/14 21:52:47 peer=1 is waiting for response for term=39 from other peers
2019/03/14 21:52:47 peer=1 is requesting vote from peer=0 for term=39
2019/03/14 21:52:47 peer=1 is requesting vote from peer=3 for term=39
2019/03/14 21:52:47 peer=1 has received 1 votes in term=39
2019/03/14 21:52:47 peer=1 is requesting vote from peer=4 for term=39
2019/03/14 21:52:47 peer=1 is requesting vote from peer=2 for term=39
2019/03/14 21:52:47 peer=3: grante vote to peer=1 in term=39
2019/03/14 21:52:47 peer=1 received vote from peer=3 for term=39
2019/03/14 21:52:47 peer=1 has received 2 votes in term=39
2019/03/14 21:52:48 peer=3, election times out, ignoreElection=false
2019/03/14 21:52:48 peer=3 starts election for term=40
2019/03/14 21:52:48 peer=3 is waiting for response for term=40 from other peers
2019/03/14 21:52:48 peer=3 has received 1 votes in term=40
2019/03/14 21:52:48 peer=3 is requesting vote from peer=1 for term=40
2019/03/14 21:52:48 peer=3 is requesting vote from peer=0 for term=40
2019/03/14 21:52:48 peer=3 is requesting vote from peer=2 for term=40
2019/03/14 21:52:48 peer=3 is requesting vote from peer=4 for term=40
2019/03/14 21:52:48 peer=1: send signal to terminate current node's election
2019/03/14 21:52:48 peer=1: grante vote to peer=3 in term=40
2019/03/14 21:52:48 peer=1 election terminates
2019/03/14 21:52:48 peer=3 received vote from peer=1 for term=40
2019/03/14 21:52:48 peer=3 has received 2 votes in term=40
2019/03/14 21:52:48 peer=3 starts election for term=41
2019/03/14 21:52:48 peer=3 is waiting for response for term=41 from other peers
2019/03/14 21:52:48 peer=3 has received 1 votes in term=41
2019/03/14 21:52:48 peer=3 is requesting vote from peer=4 for term=41
2019/03/14 21:52:48 peer=3 is requesting vote from peer=0 for term=41
2019/03/14 21:52:48 peer=3 is requesting vote from peer=2 for term=41
2019/03/14 21:52:48 peer=3 is requesting vote from peer=1 for term=41
2019/03/14 21:52:48 peer=1: grante vote to peer=3 in term=41
2019/03/14 21:52:48 peer=3 received vote from peer=1 for term=41
2019/03/14 21:52:48 peer=3 has received 2 votes in term=41
2019/03/14 21:52:48 peer=3 starts election for term=42
2019/03/14 21:52:48 peer=3 is waiting for response for term=42 from other peers
2019/03/14 21:52:48 peer=3 is requesting vote from peer=1 for term=42
2019/03/14 21:52:48 peer=3 has received 1 votes in term=42
2019/03/14 21:52:48 peer=3 is requesting vote from peer=4 for term=42
2019/03/14 21:52:48 peer=3 is requesting vote from peer=2 for term=42
2019/03/14 21:52:48 peer=3 is requesting vote from peer=0 for term=42
2019/03/14 21:52:48 peer=1: grante vote to peer=3 in term=42
2019/03/14 21:52:48 peer=3 received vote from peer=1 for term=42
2019/03/14 21:52:48 peer=3 has received 2 votes in term=42
2019/03/14 21:52:49 peer=3 starts election for term=43
2019/03/14 21:52:49 peer=3 is waiting for response for term=43 from other peers
2019/03/14 21:52:49 peer=3 has received 1 votes in term=43
2019/03/14 21:52:49 peer=3 is requesting vote from peer=4 for term=43
2019/03/14 21:52:49 peer=3 is requesting vote from peer=1 for term=43
2019/03/14 21:52:49 peer=3 is requesting vote from peer=2 for term=43
2019/03/14 21:52:49 peer=3 is requesting vote from peer=0 for term=43
2019/03/14 21:52:49 peer=1: grante vote to peer=3 in term=43
2019/03/14 21:52:49 peer=3 received vote from peer=1 for term=43
2019/03/14 21:52:49 peer=3 has received 2 votes in term=43
2019/03/14 21:52:49 peer=3 starts election for term=44
2019/03/14 21:52:49 peer=3 is waiting for response for term=44 from other peers
2019/03/14 21:52:49 peer=3 has received 1 votes in term=44
2019/03/14 21:52:49 peer=3 is requesting vote from peer=0 for term=44
2019/03/14 21:52:49 peer=3 is requesting vote from peer=1 for term=44
2019/03/14 21:52:49 peer=3 is requesting vote from peer=4 for term=44
2019/03/14 21:52:49 peer=3 is requesting vote from peer=2 for term=44
2019/03/14 21:52:49 peer=1: grante vote to peer=3 in term=44
2019/03/14 21:52:49 peer=3 received vote from peer=1 for term=44
2019/03/14 21:52:49 peer=3 has received 2 votes in term=44
2019/03/14 21:52:49 peer=1, election times out, ignoreElection=true
2019/03/14 21:52:49 peer=3 starts election for term=45
2019/03/14 21:52:49 peer=3 is waiting for response for term=45 from other peers
2019/03/14 21:52:49 peer=3 is requesting vote from peer=0 for term=45
2019/03/14 21:52:49 peer=3 has received 1 votes in term=45
2019/03/14 21:52:49 peer=3 is requesting vote from peer=1 for term=45
2019/03/14 21:52:49 peer=3 is requesting vote from peer=2 for term=45
2019/03/14 21:52:49 peer=3 is requesting vote from peer=4 for term=45
2019/03/14 21:52:49 peer=1: grante vote to peer=3 in term=45
2019/03/14 21:52:49 peer=3 received vote from peer=1 for term=45
2019/03/14 21:52:49 peer=3 has received 2 votes in term=45
2019/03/14 21:52:50 peer=1, election times out, ignoreElection=false
2019/03/14 21:52:50 peer=1 starts election for term=46
2019/03/14 21:52:50 peer=1 is waiting for response for term=46 from other peers
2019/03/14 21:52:50 peer=1 is requesting vote from peer=2 for term=46
2019/03/14 21:52:50 peer=1 has received 1 votes in term=46
2019/03/14 21:52:50 peer=1 is requesting vote from peer=4 for term=46
2019/03/14 21:52:50 peer=1 is requesting vote from peer=3 for term=46
2019/03/14 21:52:50 peer=1 is requesting vote from peer=0 for term=46
2019/03/14 21:52:50 peer=3: send signal to terminate current node's election
2019/03/14 21:52:50 peer=3 election terminates
2019/03/14 21:52:50 peer=3: grante vote to peer=1 in term=46
2019/03/14 21:52:50 peer=1 received vote from peer=3 for term=46
2019/03/14 21:52:50 peer=1 has received 2 votes in term=46
2019/03/14 21:52:50 peer=1 starts election for term=47
2019/03/14 21:52:50 peer=1 is waiting for response for term=47 from other peers
2019/03/14 21:52:50 peer=1 is requesting vote from peer=0 for term=47
2019/03/14 21:52:50 peer=1 is requesting vote from peer=2 for term=47
2019/03/14 21:52:50 peer=1 has received 1 votes in term=47
2019/03/14 21:52:50 peer=1 is requesting vote from peer=4 for term=47
2019/03/14 21:52:50 peer=1 is requesting vote from peer=3 for term=47
2019/03/14 21:52:50 peer=3: grante vote to peer=1 in term=47
2019/03/14 21:52:50 peer=1 received vote from peer=3 for term=47
2019/03/14 21:52:50 peer=1 has received 2 votes in term=47
2019/03/14 21:52:50 peer=3, election times out, ignoreElection=true
2019/03/14 21:52:51 peer=1 starts election for term=48
2019/03/14 21:52:51 peer=1 is waiting for response for term=48 from other peers
2019/03/14 21:52:51 peer=1 is requesting vote from peer=0 for term=48
2019/03/14 21:52:51 peer=1 is requesting vote from peer=2 for term=48
2019/03/14 21:52:51 peer=1 has received 1 votes in term=48
2019/03/14 21:52:51 peer=1 is requesting vote from peer=4 for term=48
2019/03/14 21:52:51 peer=1 is requesting vote from peer=3 for term=48
2019/03/14 21:52:51 peer=3: grante vote to peer=1 in term=48
2019/03/14 21:52:51 peer=1 received vote from peer=3 for term=48
2019/03/14 21:52:51 peer=1 has received 2 votes in term=48
2019/03/14 21:52:51 peer=3, election times out, ignoreElection=false
2019/03/14 21:52:51 peer=3 starts election for term=49
2019/03/14 21:52:51 peer=3 is waiting for response for term=49 from other peers
2019/03/14 21:52:51 peer=3 is requesting vote from peer=0 for term=49
2019/03/14 21:52:51 peer=3 is requesting vote from peer=1 for term=49
2019/03/14 21:52:51 peer=3 has received 1 votes in term=49
2019/03/14 21:52:51 peer=3 is requesting vote from peer=4 for term=49
2019/03/14 21:52:51 peer=3 is requesting vote from peer=2 for term=49
2019/03/14 21:52:51 peer=1 election terminates
2019/03/14 21:52:51 peer=1: send signal to terminate current node's election
2019/03/14 21:52:51 peer=1: grante vote to peer=3 in term=49
2019/03/14 21:52:51 peer=3 received vote from peer=1 for term=49
2019/03/14 21:52:51 peer=3 has received 2 votes in term=49
2019/03/14 21:52:51 peer=3 starts election for term=50
2019/03/14 21:52:51 peer=3 is waiting for response for term=50 from other peers
2019/03/14 21:52:51 peer=3 has received 1 votes in term=50
2019/03/14 21:52:51 peer=3 is requesting vote from peer=4 for term=50
2019/03/14 21:52:51 peer=3 is requesting vote from peer=0 for term=50
2019/03/14 21:52:51 peer=3 is requesting vote from peer=2 for term=50
2019/03/14 21:52:51 peer=3 is requesting vote from peer=1 for term=50
2019/03/14 21:52:51 peer=1: grante vote to peer=3 in term=50
2019/03/14 21:52:51 peer=3 received vote from peer=1 for term=50
2019/03/14 21:52:51 peer=3 has received 2 votes in term=50
2019/03/14 21:52:52 peer=1, election times out, ignoreElection=true
2019/03/14 21:52:52 peer=3 starts election for term=51
2019/03/14 21:52:52 peer=3 is waiting for response for term=51 from other peers
2019/03/14 21:52:52 peer=3 has received 1 votes in term=51
2019/03/14 21:52:52 peer=3 is requesting vote from peer=0 for term=51
2019/03/14 21:52:52 peer=3 is requesting vote from peer=1 for term=51
2019/03/14 21:52:52 peer=3 is requesting vote from peer=4 for term=51
2019/03/14 21:52:52 peer=3 is requesting vote from peer=2 for term=51
2019/03/14 21:52:52 peer=1: grante vote to peer=3 in term=51
2019/03/14 21:52:52 peer=3 received vote from peer=1 for term=51
2019/03/14 21:52:52 peer=3 has received 2 votes in term=51
2019/03/14 21:52:52 peer=3 starts election for term=52
2019/03/14 21:52:52 peer=3 is waiting for response for term=52 from other peers
2019/03/14 21:52:52 peer=3 is requesting vote from peer=0 for term=52
2019/03/14 21:52:52 peer=3 has received 1 votes in term=52
2019/03/14 21:52:52 peer=3 is requesting vote from peer=1 for term=52
2019/03/14 21:52:52 peer=3 is requesting vote from peer=2 for term=52
2019/03/14 21:52:52 peer=3 is requesting vote from peer=4 for term=52
2019/03/14 21:52:52 peer=1: grante vote to peer=3 in term=52
2019/03/14 21:52:52 peer=3 received vote from peer=1 for term=52
2019/03/14 21:52:52 peer=3 has received 2 votes in term=52
2019/03/14 21:52:52 peer=1, election times out, ignoreElection=false
2019/03/14 21:52:52 peer=1 starts election for term=53
2019/03/14 21:52:52 peer=1 is waiting for response for term=53 from other peers
2019/03/14 21:52:52 peer=1 has received 1 votes in term=53
2019/03/14 21:52:52 peer=1 is requesting vote from peer=0 for term=53
2019/03/14 21:52:52 peer=1 is requesting vote from peer=2 for term=53
2019/03/14 21:52:52 peer=1 is requesting vote from peer=4 for term=53
2019/03/14 21:52:52 peer=1 is requesting vote from peer=3 for term=53
2019/03/14 21:52:52 peer=3: send signal to terminate current node's election
2019/03/14 21:52:52 peer=3 election terminates
2019/03/14 21:52:52 peer=3: grante vote to peer=1 in term=53
2019/03/14 21:52:52 peer=1 received vote from peer=3 for term=53
2019/03/14 21:52:52 peer=1 has received 2 votes in term=53
2019/03/14 21:52:53 peer=3, election times out, ignoreElection=true
2019/03/14 21:52:53 peer=1 starts election for term=54
2019/03/14 21:52:53 peer=1 is waiting for response for term=54 from other peers
2019/03/14 21:52:53 peer=1 has received 1 votes in term=54
2019/03/14 21:52:53 peer=1 is requesting vote from peer=4 for term=54
2019/03/14 21:52:53 peer=1 is requesting vote from peer=3 for term=54
2019/03/14 21:52:53 peer=1 is requesting vote from peer=2 for term=54
2019/03/14 21:52:53 peer=1 is requesting vote from peer=0 for term=54
2019/03/14 21:52:53 peer=3: grante vote to peer=1 in term=54
2019/03/14 21:52:53 peer=1 received vote from peer=3 for term=54
2019/03/14 21:52:53 peer=1 has received 2 votes in term=54
2019/03/14 21:52:53 peer=3, election times out, ignoreElection=false
2019/03/14 21:52:53 peer=3 starts election for term=55
2019/03/14 21:52:53 peer=3 is waiting for response for term=55 from other peers
2019/03/14 21:52:53 peer=3 is requesting vote from peer=1 for term=55
2019/03/14 21:52:53 peer=3 has received 1 votes in term=55
2019/03/14 21:52:53 peer=3 is requesting vote from peer=4 for term=55
2019/03/14 21:52:53 peer=3 is requesting vote from peer=0 for term=55
2019/03/14 21:52:53 peer=1 election terminates
2019/03/14 21:52:53 peer=3 is requesting vote from peer=2 for term=55
2019/03/14 21:52:53 peer=1: send signal to terminate current node's election
2019/03/14 21:52:53 peer=1: grante vote to peer=3 in term=55
2019/03/14 21:52:53 peer=3 received vote from peer=1 for term=55
2019/03/14 21:52:53 peer=3 has received 2 votes in term=55
2019/03/14 21:52:53 peer=3 starts election for term=56
2019/03/14 21:52:53 peer=3 is waiting for response for term=56 from other peers
2019/03/14 21:52:53 peer=3 has received 1 votes in term=56
2019/03/14 21:52:53 peer=3 is requesting vote from peer=0 for term=56
2019/03/14 21:52:53 peer=3 is requesting vote from peer=1 for term=56
2019/03/14 21:52:53 peer=3 is requesting vote from peer=4 for term=56
2019/03/14 21:52:53 peer=3 is requesting vote from peer=2 for term=56
2019/03/14 21:52:53 peer=1: grante vote to peer=3 in term=56
2019/03/14 21:52:53 peer=1, election times out, ignoreElection=true
2019/03/14 21:52:53 peer=3 received vote from peer=1 for term=56
2019/03/14 21:52:53 peer=3 has received 2 votes in term=56
2019/03/14 21:52:54 peer=1, election times out, ignoreElection=false
2019/03/14 21:52:54 peer=1 starts election for term=57
2019/03/14 21:52:54 peer=1 is waiting for response for term=57 from other peers
2019/03/14 21:52:54 peer=1 has received 1 votes in term=57
2019/03/14 21:52:54 peer=1 is requesting vote from peer=0 for term=57
2019/03/14 21:52:54 peer=1 is requesting vote from peer=2 for term=57
2019/03/14 21:52:54 peer=1 is requesting vote from peer=4 for term=57
2019/03/14 21:52:54 peer=1 is requesting vote from peer=3 for term=57
2019/03/14 21:52:54 peer=3: send signal to terminate current node's election
2019/03/14 21:52:54 peer=3: grante vote to peer=1 in term=57
2019/03/14 21:52:54 peer=3 election terminates
2019/03/14 21:52:54 peer=1 received vote from peer=3 for term=57
2019/03/14 21:52:54 peer=1 has received 2 votes in term=57
2019/03/14 21:52:54 peer=3, election times out, ignoreElection=true
2019/03/14 21:52:54 peer=1 starts election for term=58
2019/03/14 21:52:54 peer=1 is waiting for response for term=58 from other peers
2019/03/14 21:52:54 peer=1 has received 1 votes in term=58
2019/03/14 21:52:54 peer=1 is requesting vote from peer=4 for term=58
2019/03/14 21:52:54 peer=1 is requesting vote from peer=0 for term=58
2019/03/14 21:52:54 peer=1 is requesting vote from peer=3 for term=58
2019/03/14 21:52:54 peer=1 is requesting vote from peer=2 for term=58
2019/03/14 21:52:54 peer=3: grante vote to peer=1 in term=58
2019/03/14 21:52:54 peer=1 received vote from peer=3 for term=58
2019/03/14 21:52:54 peer=1 has received 2 votes in term=58
2019/03/14 21:52:55 peer=3, election times out, ignoreElection=false
2019/03/14 21:52:55 peer=3 starts election for term=59
2019/03/14 21:52:55 peer=3 is waiting for response for term=59 from other peers
2019/03/14 21:52:55 peer=3 has received 1 votes in term=59
2019/03/14 21:52:55 peer=3 is requesting vote from peer=4 for term=59
2019/03/14 21:52:55 peer=3 is requesting vote from peer=0 for term=59
2019/03/14 21:52:55 peer=3 is requesting vote from peer=2 for term=59
2019/03/14 21:52:55 peer=3 is requesting vote from peer=1 for term=59
2019/03/14 21:52:55 peer=1: send signal to terminate current node's election
2019/03/14 21:52:55 peer=1 election terminates
2019/03/14 21:52:55 peer=1: grante vote to peer=3 in term=59
2019/03/14 21:52:55 peer=3 received vote from peer=1 for term=59
2019/03/14 21:52:55 peer=3 has received 2 votes in term=59
2019/03/14 21:52:55 peer=1, election times out, ignoreElection=true
2019/03/14 21:52:55 peer=3 starts election for term=60
2019/03/14 21:52:55 peer=3 is waiting for response for term=60 from other peers
2019/03/14 21:52:55 peer=3 is requesting vote from peer=0 for term=60
2019/03/14 21:52:55 peer=3 has received 1 votes in term=60
2019/03/14 21:52:55 peer=3 is requesting vote from peer=1 for term=60
2019/03/14 21:52:55 peer=3 is requesting vote from peer=2 for term=60
2019/03/14 21:52:55 peer=1: grante vote to peer=3 in term=60
2019/03/14 21:52:55 peer=3 is requesting vote from peer=4 for term=60
2019/03/14 21:52:55 peer=3 received vote from peer=1 for term=60
2019/03/14 21:52:55 peer=3 has received 2 votes in term=60
2019/03/14 21:52:55 peer=1, election times out, ignoreElection=false
2019/03/14 21:52:55 peer=1 starts election for term=61
2019/03/14 21:52:55 peer=1 is waiting for response for term=61 from other peers
2019/03/14 21:52:55 peer=1 has received 1 votes in term=61
2019/03/14 21:52:55 peer=1 is requesting vote from peer=4 for term=61
2019/03/14 21:52:55 peer=1 is requesting vote from peer=0 for term=61
2019/03/14 21:52:55 peer=1 is requesting vote from peer=3 for term=61
2019/03/14 21:52:55 peer=1 is requesting vote from peer=2 for term=61
2019/03/14 21:52:55 peer=3: send signal to terminate current node's election
2019/03/14 21:52:55 peer=3 election terminates
2019/03/14 21:52:55 peer=3: grante vote to peer=1 in term=61
2019/03/14 21:52:55 peer=1 received vote from peer=3 for term=61
2019/03/14 21:52:55 peer=1 has received 2 votes in term=61
2019/03/14 21:52:56 peer=1 starts election for term=62
2019/03/14 21:52:56 peer=1 is requesting vote from peer=4 for term=62
2019/03/14 21:52:56 peer=1 is requesting vote from peer=0 for term=62
2019/03/14 21:52:56 peer=1 is requesting vote from peer=3 for term=62
2019/03/14 21:52:56 peer=1 is waiting for response for term=62 from other peers
2019/03/14 21:52:56 peer=1 has received 1 votes in term=62
2019/03/14 21:52:56 peer=1 is requesting vote from peer=2 for term=62
2019/03/14 21:52:56 peer=3: grante vote to peer=1 in term=62
2019/03/14 21:52:56 peer=1 received vote from peer=3 for term=62
2019/03/14 21:52:56 peer=1 has received 2 votes in term=62
2019/03/14 21:52:56 peer=1 starts election for term=63
2019/03/14 21:52:56 peer=1 is waiting for response for term=63 from other peers
2019/03/14 21:52:56 peer=1 has received 1 votes in term=63
2019/03/14 21:52:56 peer=1 is requesting vote from peer=2 for term=63
2019/03/14 21:52:56 peer=1 is requesting vote from peer=4 for term=63
2019/03/14 21:52:56 peer=1 is requesting vote from peer=3 for term=63
2019/03/14 21:52:56 peer=1 is requesting vote from peer=0 for term=63
2019/03/14 21:52:56 peer=3: grante vote to peer=1 in term=63
2019/03/14 21:52:56 peer=1 received vote from peer=3 for term=63
2019/03/14 21:52:56 peer=1 has received 2 votes in term=63
2019/03/14 21:52:56 peer=1 starts election for term=64
2019/03/14 21:52:56 peer=1 is waiting for response for term=64 from other peers
2019/03/14 21:52:56 peer=1 is requesting vote from peer=3 for term=64
2019/03/14 21:52:56 peer=1 has received 1 votes in term=64
2019/03/14 21:52:56 peer=1 is requesting vote from peer=2 for term=64
2019/03/14 21:52:56 peer=1 is requesting vote from peer=4 for term=64
2019/03/14 21:52:56 peer=1 is requesting vote from peer=0 for term=64
2019/03/14 21:52:56 peer=3: grante vote to peer=1 in term=64
2019/03/14 21:52:56 peer=1 received vote from peer=3 for term=64
2019/03/14 21:52:56 peer=1 has received 2 votes in term=64
2019/03/14 21:52:57 peer=1 starts election for term=65
2019/03/14 21:52:57 peer=1 is waiting for response for term=65 from other peers
2019/03/14 21:52:57 peer=1 has received 1 votes in term=65
2019/03/14 21:52:57 peer=1 is requesting vote from peer=0 for term=65
2019/03/14 21:52:57 peer=1 is requesting vote from peer=2 for term=65
2019/03/14 21:52:57 peer=1 is requesting vote from peer=4 for term=65
2019/03/14 21:52:57 peer=1 is requesting vote from peer=3 for term=65
2019/03/14 21:52:57 peer=3: grante vote to peer=1 in term=65
2019/03/14 21:52:57 peer=1 received vote from peer=3 for term=65
2019/03/14 21:52:57 peer=1 has received 2 votes in term=65
2019/03/14 21:52:57 peer=1 starts election for term=66
2019/03/14 21:52:57 peer=1 is waiting for response for term=66 from other peers
2019/03/14 21:52:57 peer=1 has received 1 votes in term=66
2019/03/14 21:52:57 peer=1 is requesting vote from peer=4 for term=66
2019/03/14 21:52:57 peer=1 is requesting vote from peer=0 for term=66
2019/03/14 21:52:57 peer=1 is requesting vote from peer=2 for term=66
2019/03/14 21:52:57 peer=1 is requesting vote from peer=3 for term=66
2019/03/14 21:52:57 peer=3: grante vote to peer=1 in term=66
2019/03/14 21:52:57 peer=1 received vote from peer=3 for term=66
2019/03/14 21:52:57 peer=1 has received 2 votes in term=66
2019/03/14 21:52:57 peer=1 starts election for term=67
2019/03/14 21:52:57 peer=1 is waiting for response for term=67 from other peers
2019/03/14 21:52:57 peer=1 has received 1 votes in term=67
2019/03/14 21:52:57 peer=1 is requesting vote from peer=0 for term=67
2019/03/14 21:52:57 peer=1 is requesting vote from peer=2 for term=67
2019/03/14 21:52:57 peer=1 is requesting vote from peer=4 for term=67
2019/03/14 21:52:57 peer=1 is requesting vote from peer=3 for term=67
2019/03/14 21:52:57 peer=3: grante vote to peer=1 in term=67
2019/03/14 21:52:57 peer=1 received vote from peer=3 for term=67
2019/03/14 21:52:57 peer=1 has received 2 votes in term=67
2019/03/14 21:52:58 peer=3, election times out, ignoreElection=true
2019/03/14 21:52:58 peer=1 starts election for term=68
2019/03/14 21:52:58 peer=1 is waiting for response for term=68 from other peers
2019/03/14 21:52:58 peer=1 has received 1 votes in term=68
2019/03/14 21:52:58 peer=1 is requesting vote from peer=0 for term=68
2019/03/14 21:52:58 peer=1 is requesting vote from peer=2 for term=68
2019/03/14 21:52:58 peer=1 is requesting vote from peer=4 for term=68
2019/03/14 21:52:58 peer=1 is requesting vote from peer=3 for term=68
2019/03/14 21:52:58 peer=3: grante vote to peer=1 in term=68
2019/03/14 21:52:58 peer=1 received vote from peer=3 for term=68
2019/03/14 21:52:58 peer=1 has received 2 votes in term=68
2019/03/14 21:52:58 peer=3, election times out, ignoreElection=false
2019/03/14 21:52:58 peer=3 starts election for term=69
2019/03/14 21:52:58 peer=3 is waiting for response for term=69 from other peers
2019/03/14 21:52:58 peer=3 has received 1 votes in term=69
2019/03/14 21:52:58 peer=3 is requesting vote from peer=4 for term=69
2019/03/14 21:52:58 peer=3 is requesting vote from peer=1 for term=69
2019/03/14 21:52:58 peer=3 is requesting vote from peer=0 for term=69
2019/03/14 21:52:58 peer=3 is requesting vote from peer=2 for term=69
2019/03/14 21:52:58 peer=1: send signal to terminate current node's election
2019/03/14 21:52:58 peer=1 election terminates
2019/03/14 21:52:58 peer=1: grante vote to peer=3 in term=69
2019/03/14 21:52:58 peer=3 received vote from peer=1 for term=69
2019/03/14 21:52:58 peer=3 has received 2 votes in term=69
2019/03/14 21:52:59 peer=3 starts election for term=70
2019/03/14 21:52:59 peer=3 is waiting for response for term=70 from other peers
2019/03/14 21:52:59 peer=3 is requesting vote from peer=0 for term=70
2019/03/14 21:52:59 peer=3 has received 1 votes in term=70
2019/03/14 21:52:59 peer=3 is requesting vote from peer=4 for term=70
2019/03/14 21:52:59 peer=3 is requesting vote from peer=1 for term=70
2019/03/14 21:52:59 peer=3 is requesting vote from peer=2 for term=70
2019/03/14 21:52:59 peer=1: grante vote to peer=3 in term=70
2019/03/14 21:52:59 peer=3 received vote from peer=1 for term=70
2019/03/14 21:52:59 peer=3 has received 2 votes in term=70
2019/03/14 21:52:59 peer=1, election times out, ignoreElection=true
2019/03/14 21:52:59 peer=3 starts election for term=71
2019/03/14 21:52:59 peer=3 is waiting for response for term=71 from other peers
2019/03/14 21:52:59 peer=3 has received 1 votes in term=71
2019/03/14 21:52:59 peer=3 is requesting vote from peer=0 for term=71
2019/03/14 21:52:59 peer=3 is requesting vote from peer=1 for term=71
2019/03/14 21:52:59 peer=3 is requesting vote from peer=4 for term=71
2019/03/14 21:52:59 peer=3 is requesting vote from peer=2 for term=71
2019/03/14 21:52:59 peer=1: grante vote to peer=3 in term=71
2019/03/14 21:52:59 peer=3 received vote from peer=1 for term=71
2019/03/14 21:52:59 peer=3 has received 2 votes in term=71
2019/03/14 21:52:59 peer=3 starts election for term=72
2019/03/14 21:52:59 peer=3 is waiting for response for term=72 from other peers
2019/03/14 21:52:59 peer=3 has received 1 votes in term=72
2019/03/14 21:52:59 peer=3 is requesting vote from peer=4 for term=72
2019/03/14 21:52:59 peer=3 is requesting vote from peer=1 for term=72
2019/03/14 21:52:59 peer=3 is requesting vote from peer=0 for term=72
2019/03/14 21:52:59 peer=3 is requesting vote from peer=2 for term=72
2019/03/14 21:52:59 peer=1: grante vote to peer=3 in term=72
2019/03/14 21:52:59 peer=3 received vote from peer=1 for term=72
2019/03/14 21:52:59 peer=3 has received 2 votes in term=72
2019/03/14 21:53:00 peer=3 starts election for term=73
2019/03/14 21:53:00 peer=3 is waiting for response for term=73 from other peers
2019/03/14 21:53:00 peer=3 has received 1 votes in term=73
2019/03/14 21:53:00 peer=3 is requesting vote from peer=4 for term=73
2019/03/14 21:53:00 peer=3 is requesting vote from peer=1 for term=73
2019/03/14 21:53:00 peer=3 is requesting vote from peer=2 for term=73
2019/03/14 21:53:00 peer=3 is requesting vote from peer=0 for term=73
2019/03/14 21:53:00 peer=1: grante vote to peer=3 in term=73
2019/03/14 21:53:00 peer=3 received vote from peer=1 for term=73
2019/03/14 21:53:00 peer=3 has received 2 votes in term=73
2019/03/14 21:53:00 peer=1, election times out, ignoreElection=false
2019/03/14 21:53:00 peer=1 starts election for term=74
2019/03/14 21:53:00 peer=1 is waiting for response for term=74 from other peers
2019/03/14 21:53:00 peer=1 has received 1 votes in term=74
2019/03/14 21:53:00 peer=1 is requesting vote from peer=4 for term=74
2019/03/14 21:53:00 peer=1 is requesting vote from peer=3 for term=74
2019/03/14 21:53:00 peer=1 is requesting vote from peer=0 for term=74
2019/03/14 21:53:00 peer=1 is requesting vote from peer=2 for term=74
2019/03/14 21:53:00 peer=3: send signal to terminate current node's election
2019/03/14 21:53:00 peer=3: grante vote to peer=1 in term=74
2019/03/14 21:53:00 peer=3 election terminates
2019/03/14 21:53:00 peer=1 received vote from peer=3 for term=74
2019/03/14 21:53:00 peer=1 has received 2 votes in term=74
2019/03/14 21:53:01 peer=3, election times out, ignoreElection=true
2019/03/14 21:53:01 peer=1 starts election for term=75
2019/03/14 21:53:01 peer=1 is waiting for response for term=75 from other peers
2019/03/14 21:53:01 peer=1 is requesting vote from peer=2 for term=75
2019/03/14 21:53:01 peer=1 has received 1 votes in term=75
2019/03/14 21:53:01 peer=1 is requesting vote from peer=4 for term=75
2019/03/14 21:53:01 peer=1 is requesting vote from peer=3 for term=75
2019/03/14 21:53:01 peer=1 is requesting vote from peer=0 for term=75
2019/03/14 21:53:01 peer=3: grante vote to peer=1 in term=75
2019/03/14 21:53:01 peer=1 received vote from peer=3 for term=75
2019/03/14 21:53:01 peer=1 has received 2 votes in term=75
2019/03/14 21:53:01 peer=3, election times out, ignoreElection=false
2019/03/14 21:53:01 peer=3 starts election for term=76
2019/03/14 21:53:01 peer=3 is waiting for response for term=76 from other peers
2019/03/14 21:53:01 peer=3 is requesting vote from peer=2 for term=76
2019/03/14 21:53:01 peer=3 is requesting vote from peer=1 for term=76
2019/03/14 21:53:01 peer=3 is requesting vote from peer=0 for term=76
2019/03/14 21:53:01 peer=3 is requesting vote from peer=4 for term=76
2019/03/14 21:53:01 peer=3 has received 1 votes in term=76
2019/03/14 21:53:01 peer=1 election terminates
2019/03/14 21:53:01 peer=1: send signal to terminate current node's election
2019/03/14 21:53:01 peer=1: grante vote to peer=3 in term=76
2019/03/14 21:53:01 peer=3 received vote from peer=1 for term=76
2019/03/14 21:53:01 peer=3 has received 2 votes in term=76
2019/03/14 21:53:01 peer=3 starts election for term=77
2019/03/14 21:53:01 peer=3 is waiting for response for term=77 from other peers
2019/03/14 21:53:01 peer=3 is requesting vote from peer=0 for term=77
2019/03/14 21:53:01 peer=3 is requesting vote from peer=1 for term=77
2019/03/14 21:53:01 peer=3 has received 1 votes in term=77
2019/03/14 21:53:01 peer=3 is requesting vote from peer=4 for term=77
2019/03/14 21:53:01 peer=3 is requesting vote from peer=2 for term=77
2019/03/14 21:53:01 peer=1: grante vote to peer=3 in term=77
2019/03/14 21:53:01 peer=3 received vote from peer=1 for term=77
2019/03/14 21:53:01 peer=3 has received 2 votes in term=77
2019/03/14 21:53:02 peer=3 starts election for term=78
2019/03/14 21:53:02 peer=3 is waiting for response for term=78 from other peers
2019/03/14 21:53:02 peer=3 is requesting vote from peer=1 for term=78
2019/03/14 21:53:02 peer=3 is requesting vote from peer=0 for term=78
2019/03/14 21:53:02 peer=3 has received 1 votes in term=78
2019/03/14 21:53:02 peer=3 is requesting vote from peer=4 for term=78
2019/03/14 21:53:02 peer=3 is requesting vote from peer=2 for term=78
2019/03/14 21:53:02 peer=1: grante vote to peer=3 in term=78
2019/03/14 21:53:02 peer=3 received vote from peer=1 for term=78
2019/03/14 21:53:02 peer=3 has received 2 votes in term=78
2019/03/14 21:53:02 peer=1, election times out, ignoreElection=true
2019/03/14 21:53:02 peer=3 starts election for term=79
2019/03/14 21:53:02 peer=3 is waiting for response for term=79 from other peers
2019/03/14 21:53:02 peer=3 is requesting vote from peer=1 for term=79
2019/03/14 21:53:02 peer=3 is requesting vote from peer=0 for term=79
2019/03/14 21:53:02 peer=3 has received 1 votes in term=79
2019/03/14 21:53:02 peer=3 is requesting vote from peer=4 for term=79
2019/03/14 21:53:02 peer=3 is requesting vote from peer=2 for term=79
2019/03/14 21:53:02 peer=1: grante vote to peer=3 in term=79
2019/03/14 21:53:02 peer=3 received vote from peer=1 for term=79
2019/03/14 21:53:02 peer=3 has received 2 votes in term=79
2019/03/14 21:53:02 peer=3 starts election for term=80
2019/03/14 21:53:02 peer=3 is waiting for response for term=80 from other peers
2019/03/14 21:53:02 peer=3 has received 1 votes in term=80
2019/03/14 21:53:02 peer=3 is requesting vote from peer=4 for term=80
2019/03/14 21:53:02 peer=3 is requesting vote from peer=2 for term=80
2019/03/14 21:53:02 peer=3 is requesting vote from peer=1 for term=80
2019/03/14 21:53:02 peer=3 is requesting vote from peer=0 for term=80
2019/03/14 21:53:02 peer=1: grante vote to peer=3 in term=80
2019/03/14 21:53:02 peer=3 received vote from peer=1 for term=80
2019/03/14 21:53:02 peer=3 has received 2 votes in term=80
2019/03/14 21:53:03 peer=1, election times out, ignoreElection=false
2019/03/14 21:53:03 peer=1 starts election for term=81
2019/03/14 21:53:03 peer=1 is waiting for response for term=81 from other peers
2019/03/14 21:53:03 peer=1 has received 1 votes in term=81
2019/03/14 21:53:03 peer=1 is requesting vote from peer=4 for term=81
2019/03/14 21:53:03 peer=1 is requesting vote from peer=2 for term=81
2019/03/14 21:53:03 peer=1 is requesting vote from peer=0 for term=81
2019/03/14 21:53:03 peer=1 is requesting vote from peer=3 for term=81
2019/03/14 21:53:03 peer=3: send signal to terminate current node's election
2019/03/14 21:53:03 peer=3: grante vote to peer=1 in term=81
2019/03/14 21:53:03 peer=3 election terminates
2019/03/14 21:53:03 peer=1 received vote from peer=3 for term=81
2019/03/14 21:53:03 peer=1 has received 2 votes in term=81
2019/03/14 21:53:03 peer=3, election times out, ignoreElection=true
2019/03/14 21:53:03 peer=1 starts election for term=82
2019/03/14 21:53:03 peer=1 is waiting for response for term=82 from other peers
2019/03/14 21:53:03 peer=1 is requesting vote from peer=2 for term=82
2019/03/14 21:53:03 peer=1 has received 1 votes in term=82
2019/03/14 21:53:03 peer=1 is requesting vote from peer=4 for term=82
2019/03/14 21:53:03 peer=1 is requesting vote from peer=0 for term=82
2019/03/14 21:53:03 peer=1 is requesting vote from peer=3 for term=82
2019/03/14 21:53:03 peer=3: grante vote to peer=1 in term=82
2019/03/14 21:53:03 peer=1 received vote from peer=3 for term=82
2019/03/14 21:53:03 peer=1 has received 2 votes in term=82
2019/03/14 21:53:03 peer=3, election times out, ignoreElection=false
2019/03/14 21:53:03 peer=3 starts election for term=83
2019/03/14 21:53:03 peer=3 is waiting for response for term=83 from other peers
2019/03/14 21:53:03 peer=3 has received 1 votes in term=83
2019/03/14 21:53:03 peer=3 is requesting vote from peer=4 for term=83
2019/03/14 21:53:03 peer=3 is requesting vote from peer=1 for term=83
2019/03/14 21:53:03 peer=3 is requesting vote from peer=0 for term=83
2019/03/14 21:53:03 peer=3 is requesting vote from peer=2 for term=83
2019/03/14 21:53:03 peer=1: send signal to terminate current node's election
2019/03/14 21:53:03 peer=1 election terminates
2019/03/14 21:53:03 peer=1: grante vote to peer=3 in term=83
2019/03/14 21:53:03 peer=3 received vote from peer=1 for term=83
2019/03/14 21:53:03 peer=3 has received 2 votes in term=83
2019/03/14 21:53:04 peer=3 starts election for term=84
2019/03/14 21:53:04 peer=3 is waiting for response for term=84 from other peers
2019/03/14 21:53:04 peer=3 is requesting vote from peer=0 for term=84
2019/03/14 21:53:04 peer=3 is requesting vote from peer=1 for term=84
2019/03/14 21:53:04 peer=3 is requesting vote from peer=2 for term=84
2019/03/14 21:53:04 peer=3 is requesting vote from peer=4 for term=84
2019/03/14 21:53:04 peer=3 has received 1 votes in term=84
2019/03/14 21:53:04 peer=1: grante vote to peer=3 in term=84
2019/03/14 21:53:04 peer=3 received vote from peer=1 for term=84
2019/03/14 21:53:04 peer=3 has received 2 votes in term=84
2019/03/14 21:53:04 peer=3 starts election for term=85
2019/03/14 21:53:04 peer=3 is waiting for response for term=85 from other peers
2019/03/14 21:53:04 peer=3 is requesting vote from peer=1 for term=85
2019/03/14 21:53:04 peer=3 has received 1 votes in term=85
2019/03/14 21:53:04 peer=3 is requesting vote from peer=4 for term=85
2019/03/14 21:53:04 peer=3 is requesting vote from peer=2 for term=85
2019/03/14 21:53:04 peer=3 is requesting vote from peer=0 for term=85
2019/03/14 21:53:04 peer=1: grante vote to peer=3 in term=85
2019/03/14 21:53:04 peer=3 received vote from peer=1 for term=85
2019/03/14 21:53:04 peer=3 has received 2 votes in term=85
2019/03/14 21:53:04 peer=1, election times out, ignoreElection=true
2019/03/14 21:53:05 peer=3 starts election for term=86
2019/03/14 21:53:05 peer=3 is waiting for response for term=86 from other peers
2019/03/14 21:53:05 peer=3 has received 1 votes in term=86
2019/03/14 21:53:05 peer=3 is requesting vote from peer=4 for term=86
2019/03/14 21:53:05 peer=3 is requesting vote from peer=1 for term=86
2019/03/14 21:53:05 peer=3 is requesting vote from peer=0 for term=86
2019/03/14 21:53:05 peer=3 is requesting vote from peer=2 for term=86
2019/03/14 21:53:05 peer=1: grante vote to peer=3 in term=86
2019/03/14 21:53:05 peer=3 received vote from peer=1 for term=86
2019/03/14 21:53:05 peer=3 has received 2 votes in term=86
2019/03/14 21:53:05 peer=1, election times out, ignoreElection=false
2019/03/14 21:53:05 peer=1 starts election for term=87
2019/03/14 21:53:05 peer=1 is waiting for response for term=87 from other peers
2019/03/14 21:53:05 peer=1 has received 1 votes in term=87
2019/03/14 21:53:05 peer=1 is requesting vote from peer=0 for term=87
2019/03/14 21:53:05 peer=1 is requesting vote from peer=2 for term=87
2019/03/14 21:53:05 peer=1 is requesting vote from peer=4 for term=87
2019/03/14 21:53:05 peer=1 is requesting vote from peer=3 for term=87
2019/03/14 21:53:05 peer=3: send signal to terminate current node's election
2019/03/14 21:53:05 peer=3: grante vote to peer=1 in term=87
2019/03/14 21:53:05 peer=3 election terminates
2019/03/14 21:53:05 peer=1 received vote from peer=3 for term=87
2019/03/14 21:53:05 peer=1 has received 2 votes in term=87
2019/03/14 21:53:05 peer=1 starts election for term=88
2019/03/14 21:53:05 peer=1 is waiting for response for term=88 from other peers
2019/03/14 21:53:05 peer=1 is requesting vote from peer=2 for term=88
2019/03/14 21:53:05 peer=1 is requesting vote from peer=0 for term=88
2019/03/14 21:53:05 peer=1 is requesting vote from peer=3 for term=88
2019/03/14 21:53:05 peer=1 is requesting vote from peer=4 for term=88
2019/03/14 21:53:05 peer=1 has received 1 votes in term=88
2019/03/14 21:53:05 peer=3: grante vote to peer=1 in term=88
2019/03/14 21:53:05 peer=1 received vote from peer=3 for term=88
2019/03/14 21:53:05 peer=1 has received 2 votes in term=88
2019/03/14 21:53:06 peer=1 starts election for term=89
2019/03/14 21:53:06 peer=1 is waiting for response for term=89 from other peers
2019/03/14 21:53:06 peer=1 is requesting vote from peer=2 for term=89
2019/03/14 21:53:06 peer=1 has received 1 votes in term=89
2019/03/14 21:53:06 peer=1 is requesting vote from peer=4 for term=89
2019/03/14 21:53:06 peer=1 is requesting vote from peer=0 for term=89
2019/03/14 21:53:06 peer=1 is requesting vote from peer=3 for term=89
2019/03/14 21:53:06 peer=3: grante vote to peer=1 in term=89
2019/03/14 21:53:06 peer=1 received vote from peer=3 for term=89
2019/03/14 21:53:06 peer=1 has received 2 votes in term=89
2019/03/14 21:53:06 peer=1 starts election for term=90
2019/03/14 21:53:06 peer=1 is waiting for response for term=90 from other peers
2019/03/14 21:53:06 peer=1 has received 1 votes in term=90
2019/03/14 21:53:06 peer=1 is requesting vote from peer=2 for term=90
2019/03/14 21:53:06 peer=1 is requesting vote from peer=4 for term=90
2019/03/14 21:53:06 peer=1 is requesting vote from peer=0 for term=90
2019/03/14 21:53:06 peer=1 is requesting vote from peer=3 for term=90
2019/03/14 21:53:06 peer=3: grante vote to peer=1 in term=90
2019/03/14 21:53:06 peer=1 received vote from peer=3 for term=90
2019/03/14 21:53:06 peer=1 has received 2 votes in term=90
2019/03/14 21:53:06 peer=3, election times out, ignoreElection=true
2019/03/14 21:53:06 peer=1 starts election for term=91
2019/03/14 21:53:06 peer=1 is waiting for response for term=91 from other peers
2019/03/14 21:53:06 peer=1 is requesting vote from peer=2 for term=91
2019/03/14 21:53:06 peer=1 is requesting vote from peer=0 for term=91
2019/03/14 21:53:06 peer=1 has received 1 votes in term=91
2019/03/14 21:53:06 peer=1 is requesting vote from peer=4 for term=91
2019/03/14 21:53:06 peer=1 is requesting vote from peer=3 for term=91
2019/03/14 21:53:06 peer=3: grante vote to peer=1 in term=91
2019/03/14 21:53:06 peer=1 received vote from peer=3 for term=91
2019/03/14 21:53:06 peer=1 has received 2 votes in term=91
2019/03/14 21:53:07 peer=3, election times out, ignoreElection=false
2019/03/14 21:53:07 peer=3 starts election for term=92
2019/03/14 21:53:07 peer=3 is waiting for response for term=92 from other peers
2019/03/14 21:53:07 peer=3 has received 1 votes in term=92
2019/03/14 21:53:07 peer=3 is requesting vote from peer=1 for term=92
2019/03/14 21:53:07 peer=3 is requesting vote from peer=0 for term=92
2019/03/14 21:53:07 peer=3 is requesting vote from peer=4 for term=92
2019/03/14 21:53:07 peer=3 is requesting vote from peer=2 for term=92
2019/03/14 21:53:07 peer=1: send signal to terminate current node's election
2019/03/14 21:53:07 peer=1 election terminates
2019/03/14 21:53:07 peer=1: grante vote to peer=3 in term=92
2019/03/14 21:53:07 peer=3 received vote from peer=1 for term=92
2019/03/14 21:53:07 peer=3 has received 2 votes in term=92
2019/03/14 21:53:07 peer=1, election times out, ignoreElection=true
2019/03/14 21:53:07 peer=3 starts election for term=93
2019/03/14 21:53:07 peer=3 is waiting for response for term=93 from other peers
2019/03/14 21:53:07 peer=3 is requesting vote from peer=0 for term=93
2019/03/14 21:53:07 peer=3 has received 1 votes in term=93
2019/03/14 21:53:07 peer=3 is requesting vote from peer=1 for term=93
2019/03/14 21:53:07 peer=3 is requesting vote from peer=2 for term=93
2019/03/14 21:53:07 peer=3 is requesting vote from peer=4 for term=93
2019/03/14 21:53:07 peer=1: grante vote to peer=3 in term=93
2019/03/14 21:53:07 peer=3 received vote from peer=1 for term=93
2019/03/14 21:53:07 peer=3 has received 2 votes in term=93
2019/03/14 21:53:08 peer=3 starts election for term=94
2019/03/14 21:53:08 peer=3 is waiting for response for term=94 from other peers
2019/03/14 21:53:08 peer=3 has received 1 votes in term=94
2019/03/14 21:53:08 peer=3 is requesting vote from peer=0 for term=94
2019/03/14 21:53:08 peer=3 is requesting vote from peer=1 for term=94
2019/03/14 21:53:08 peer=3 is requesting vote from peer=2 for term=94
2019/03/14 21:53:08 peer=3 is requesting vote from peer=4 for term=94
2019/03/14 21:53:08 peer=1: grante vote to peer=3 in term=94
2019/03/14 21:53:08 peer=3 received vote from peer=1 for term=94
2019/03/14 21:53:08 peer=3 has received 2 votes in term=94
2019/03/14 21:53:08 peer=3 starts election for term=95
2019/03/14 21:53:08 peer=3 is waiting for response for term=95 from other peers
2019/03/14 21:53:08 peer=3 has received 1 votes in term=95
2019/03/14 21:53:08 peer=3 is requesting vote from peer=4 for term=95
2019/03/14 21:53:08 peer=3 is requesting vote from peer=1 for term=95
2019/03/14 21:53:08 peer=3 is requesting vote from peer=0 for term=95
2019/03/14 21:53:08 peer=3 is requesting vote from peer=2 for term=95
2019/03/14 21:53:08 peer=1: grante vote to peer=3 in term=95
2019/03/14 21:53:08 peer=3 received vote from peer=1 for term=95
2019/03/14 21:53:08 peer=3 has received 2 votes in term=95
2019/03/14 21:53:08 peer=3 starts election for term=96
2019/03/14 21:53:08 peer=3 is waiting for response for term=96 from other peers
2019/03/14 21:53:08 peer=3 has received 1 votes in term=96
2019/03/14 21:53:08 peer=3 is requesting vote from peer=4 for term=96
2019/03/14 21:53:08 peer=3 is requesting vote from peer=1 for term=96
2019/03/14 21:53:08 peer=3 is requesting vote from peer=2 for term=96
2019/03/14 21:53:08 peer=3 is requesting vote from peer=0 for term=96
2019/03/14 21:53:08 peer=1: grante vote to peer=3 in term=96
2019/03/14 21:53:08 peer=3 received vote from peer=1 for term=96
2019/03/14 21:53:08 peer=3 has received 2 votes in term=96
2019/03/14 21:53:09 peer=3 starts election for term=97
2019/03/14 21:53:09 peer=3 is waiting for response for term=97 from other peers
2019/03/14 21:53:09 peer=3 has received 1 votes in term=97
2019/03/14 21:53:09 peer=3 is requesting vote from peer=0 for term=97
2019/03/14 21:53:09 peer=3 is requesting vote from peer=1 for term=97
2019/03/14 21:53:09 peer=3 is requesting vote from peer=2 for term=97
2019/03/14 21:53:09 peer=3 is requesting vote from peer=4 for term=97
2019/03/14 21:53:09 peer=1: grante vote to peer=3 in term=97
2019/03/14 21:53:09 peer=3 received vote from peer=1 for term=97
2019/03/14 21:53:09 peer=3 has received 2 votes in term=97
2019/03/14 21:53:09 peer=3 starts election for term=98
2019/03/14 21:53:09 peer=3 is waiting for response for term=98 from other peers
2019/03/14 21:53:09 peer=3 has received 1 votes in term=98
2019/03/14 21:53:09 peer=3 is requesting vote from peer=4 for term=98
2019/03/14 21:53:09 peer=3 is requesting vote from peer=0 for term=98
2019/03/14 21:53:09 peer=3 is requesting vote from peer=2 for term=98
2019/03/14 21:53:09 peer=3 is requesting vote from peer=1 for term=98
2019/03/14 21:53:09 peer=1: grante vote to peer=3 in term=98
2019/03/14 21:53:09 peer=3 received vote from peer=1 for term=98
2019/03/14 21:53:09 peer=3 has received 2 votes in term=98
2019/03/14 21:53:09 peer=3 starts election for term=99
2019/03/14 21:53:09 peer=3 is waiting for response for term=99 from other peers
2019/03/14 21:53:09 peer=3 has received 1 votes in term=99
2019/03/14 21:53:09 peer=3 is requesting vote from peer=4 for term=99
2019/03/14 21:53:09 peer=3 is requesting vote from peer=0 for term=99
2019/03/14 21:53:09 peer=3 is requesting vote from peer=1 for term=99
2019/03/14 21:53:09 peer=3 is requesting vote from peer=2 for term=99
2019/03/14 21:53:09 peer=1: grante vote to peer=3 in term=99
2019/03/14 21:53:09 peer=3 received vote from peer=1 for term=99
2019/03/14 21:53:09 peer=3 has received 2 votes in term=99
2019/03/14 21:53:10 peer=1, election times out, ignoreElection=false
2019/03/14 21:53:10 peer=1 starts election for term=100
2019/03/14 21:53:10 peer=1 is waiting for response for term=100 from other peers
2019/03/14 21:53:10 peer=1 is requesting vote from peer=3 for term=100
2019/03/14 21:53:10 peer=1 is requesting vote from peer=0 for term=100
2019/03/14 21:53:10 peer=1 is requesting vote from peer=2 for term=100
2019/03/14 21:53:10 peer=1 is requesting vote from peer=4 for term=100
2019/03/14 21:53:10 peer=3 election terminates
2019/03/14 21:53:10 peer=1 has received 1 votes in term=100
2019/03/14 21:53:10 peer=3: send signal to terminate current node's election
2019/03/14 21:53:10 peer=3: grante vote to peer=1 in term=100
2019/03/14 21:53:10 peer=1 received vote from peer=3 for term=100
2019/03/14 21:53:10 peer=1 has received 2 votes in term=100
2019/03/14 21:53:10 peer=1 starts election for term=101
2019/03/14 21:53:10 peer=1 is waiting for response for term=101 from other peers
2019/03/14 21:53:10 peer=1 is requesting vote from peer=2 for term=101
2019/03/14 21:53:10 peer=1 has received 1 votes in term=101
2019/03/14 21:53:10 peer=1 is requesting vote from peer=4 for term=101
2019/03/14 21:53:10 peer=1 is requesting vote from peer=0 for term=101
2019/03/14 21:53:10 peer=1 is requesting vote from peer=3 for term=101
2019/03/14 21:53:10 peer=3: grante vote to peer=1 in term=101
2019/03/14 21:53:10 peer=1 received vote from peer=3 for term=101
2019/03/14 21:53:10 peer=1 has received 2 votes in term=101
2019/03/14 21:53:10 peer=1 starts election for term=102
2019/03/14 21:53:10 peer=1 is waiting for response for term=102 from other peers
2019/03/14 21:53:10 peer=1 is requesting vote from peer=0 for term=102
2019/03/14 21:53:10 peer=1 has received 1 votes in term=102
2019/03/14 21:53:10 peer=1 is requesting vote from peer=2 for term=102
2019/03/14 21:53:10 peer=1 is requesting vote from peer=3 for term=102
2019/03/14 21:53:10 peer=1 is requesting vote from peer=4 for term=102
2019/03/14 21:53:10 peer=3: grante vote to peer=1 in term=102
2019/03/14 21:53:10 peer=1 received vote from peer=3 for term=102
2019/03/14 21:53:10 peer=1 has received 2 votes in term=102
2019/03/14 21:53:11 peer=1 starts election for term=103
2019/03/14 21:53:11 peer=1 is waiting for response for term=103 from other peers
2019/03/14 21:53:11 peer=1 is requesting vote from peer=0 for term=103
2019/03/14 21:53:11 peer=1 is requesting vote from peer=2 for term=103
2019/03/14 21:53:11 peer=1 has received 1 votes in term=103
2019/03/14 21:53:11 peer=1 is requesting vote from peer=4 for term=103
2019/03/14 21:53:11 peer=1 is requesting vote from peer=3 for term=103
2019/03/14 21:53:11 peer=3: grante vote to peer=1 in term=103
2019/03/14 21:53:11 peer=1 received vote from peer=3 for term=103
2019/03/14 21:53:11 peer=1 has received 2 votes in term=103
signal: interrupt
FAIL	raft	38.448s
