Test (2B): agreement despite follower disconnection ...
2019/03/11 23:21:36 <expected index=-1>
2019/03/11 23:21:36 <expected index=-1>
2019/03/11 23:21:36 <expected index=-1>
2019/03/11 23:21:36 <expected index=-1>
2019/03/11 23:21:36 <expected index=-1>
2019/03/11 23:21:36 <expected index=-1>
2019/03/11 23:21:36 <expected index=-1>
2019/03/11 23:21:36 <expected index=-1>
2019/03/11 23:21:36 peer=2 starts election for term=1
2019/03/11 23:21:36 peer=2 is waiting for response for term=1 from other peers
2019/03/11 23:21:36 peer=2 has received 1 votes in term=1
2019/03/11 23:21:36 peer=2 is requesting vote from peer=0 for term=1
2019/03/11 23:21:36 peer=2 is requesting vote from peer=1 for term=1
2019/03/11 23:21:36 peer=1: grante vote to peer=2 in term=1
2019/03/11 23:21:36 peer=0: grante vote to peer=2 in term=1
2019/03/11 23:21:36 peer=2 received vote from peer=1 for term=1
2019/03/11 23:21:36 peer=2 has received 2 votes in term=1
2019/03/11 23:21:36 peer=2 has been elected as the leader
2019/03/11 23:21:36 peer=2 received vote from peer=0 for term=1
2019/03/11 23:21:36 peer=2, nextIndex=[1 1 1]
2019/03/11 23:21:36 peer=2, matchIndex=[0 0 0]
2019/03/11 23:21:36 peer=2 sends heat beat to peer=1, args={Term:1 LeaderId:2 PrevLogIndex:0 PrevLogTerm:-1 Entries:[] LeaderCommitIndex:0}
2019/03/11 23:21:36 peer=2 sends heat beat to peer=0, args={Term:1 LeaderId:2 PrevLogIndex:0 PrevLogTerm:-1 Entries:[] LeaderCommitIndex:0}
2019/03/11 23:21:36 peer=1 rejects applying entries, args={Term:1 LeaderId:2 PrevLogIndex:0 PrevLogTerm:-1 Entries:[] LeaderCommitIndex:0}
2019/03/11 23:21:36 peer=0 rejects applying entries, args={Term:1 LeaderId:2 PrevLogIndex:0 PrevLogTerm:-1 Entries:[] LeaderCommitIndex:0}
2019/03/11 23:21:36 <expected index=1>
2019/03/11 23:21:36 <0 peer(s) agree on index=1>
2019/03/11 23:21:36 <0 peer(s) agree on index=1>
2019/03/11 23:21:36 <0 peer(s) agree on index=1>
2019/03/11 23:21:36 <0 peer(s) agree on index=1>
2019/03/11 23:21:36 peer=2, nextIndex=[0 0 2]
2019/03/11 23:21:36 peer=2, matchIndex=[0 0 1]
2019/03/11 23:21:36 peer=2 sends heat beat to peer=1, args={Term:1 LeaderId:2 PrevLogIndex:0 PrevLogTerm:0 Entries:[{Term:0 Command:-1} {Term:1 Command:101}] LeaderCommitIndex:0}
2019/03/11 23:21:36 peer=2 sends heat beat to peer=0, args={Term:1 LeaderId:2 PrevLogIndex:0 PrevLogTerm:0 Entries:[{Term:0 Command:-1} {Term:1 Command:101}] LeaderCommitIndex:0}
2019/03/11 23:21:36 peer=0: appending entries, args={Term:1 LeaderId:2 PrevLogIndex:0 PrevLogTerm:0 Entries:[{Term:0 Command:-1} {Term:1 Command:101}] LeaderCommitIndex:0}
2019/03/11 23:21:36 peer=1: appending entries, args={Term:1 LeaderId:2 PrevLogIndex:0 PrevLogTerm:0 Entries:[{Term:0 Command:-1} {Term:1 Command:101}] LeaderCommitIndex:0}
2019/03/11 23:21:36 peer=1's log entries=[{Term:0 Command:-1} {Term:0 Command:-1} {Term:1 Command:101}]
2019/03/11 23:21:36 peer=0's log entries=[{Term:0 Command:-1} {Term:0 Command:-1} {Term:1 Command:101}]
2019/03/11 23:21:36 <0 peer(s) agree on index=1>
2019/03/11 23:21:36 <0 peer(s) agree on index=1>
2019/03/11 23:21:36 <0 peer(s) agree on index=1>
2019/03/11 23:21:36 <0 peer(s) agree on index=1>
2019/03/11 23:21:36 <0 peer(s) agree on index=1>
2019/03/11 23:21:36 peer=2, nextIndex=[2 2 2]
2019/03/11 23:21:36 peer=2, matchIndex=[1 1 1]
2019/03/11 23:21:36 peer=2, tries to commit index=1, currentCommitIndex=0
2019/03/11 23:21:36 peer=2 sends heat beat to peer=1, args={Term:1 LeaderId:2 PrevLogIndex:1 PrevLogTerm:1 Entries:[] LeaderCommitIndex:1}
2019/03/11 23:21:36 peer=2 sends heat beat to peer=0, args={Term:1 LeaderId:2 PrevLogIndex:1 PrevLogTerm:1 Entries:[] LeaderCommitIndex:1}
2019/03/11 23:21:36 peer=0 rejects applying entries, args={Term:1 LeaderId:2 PrevLogIndex:1 PrevLogTerm:1 Entries:[] LeaderCommitIndex:1}
2019/03/11 23:21:36 peer=1 rejects applying entries, args={Term:1 LeaderId:2 PrevLogIndex:1 PrevLogTerm:1 Entries:[] LeaderCommitIndex:1}
2019/03/11 23:21:36 <1 peer(s) agree on index=1>
2019/03/11 23:21:37 <1 peer(s) agree on index=1>
2019/03/11 23:21:37 <1 peer(s) agree on index=1>
2019/03/11 23:21:37 <1 peer(s) agree on index=1>
2019/03/11 23:21:37 <1 peer(s) agree on index=1>
2019/03/11 23:21:37 <1 peer(s) agree on index=1>
2019/03/11 23:21:37 peer=2, nextIndex=[1 1 2]
2019/03/11 23:21:37 peer=2, matchIndex=[1 1 1]
2019/03/11 23:21:37 peer=2, tries to commit index=1, currentCommitIndex=1
2019/03/11 23:21:37 peer=2 sends heat beat to peer=1, args={Term:1 LeaderId:2 PrevLogIndex:0 PrevLogTerm:0 Entries:[{Term:1 Command:101}] LeaderCommitIndex:1}
2019/03/11 23:21:37 peer=2 sends heat beat to peer=0, args={Term:1 LeaderId:2 PrevLogIndex:0 PrevLogTerm:0 Entries:[{Term:1 Command:101}] LeaderCommitIndex:1}
2019/03/11 23:21:37 peer=1: appending entries, args={Term:1 LeaderId:2 PrevLogIndex:0 PrevLogTerm:0 Entries:[{Term:1 Command:101}] LeaderCommitIndex:1}
2019/03/11 23:21:37 peer=0: appending entries, args={Term:1 LeaderId:2 PrevLogIndex:0 PrevLogTerm:0 Entries:[{Term:1 Command:101}] LeaderCommitIndex:1}
2019/03/11 23:21:37 peer=0 updates commit index to 1
2019/03/11 23:21:37 peer=1 updates commit index to 1
2019/03/11 23:21:37 peer=1's log entries=[{Term:0 Command:-1} {Term:1 Command:101}]
2019/03/11 23:21:37 peer=0's log entries=[{Term:0 Command:-1} {Term:1 Command:101}]
2019/03/11 23:21:37 <3 peer(s) agree on index=1>
2019/03/11 23:21:37 peer=2, nextIndex=[2 2 2]
2019/03/11 23:21:37 peer=2, matchIndex=[1 1 1]
2019/03/11 23:21:37 peer=2, tries to commit index=1, currentCommitIndex=1
2019/03/11 23:21:37 peer=2 sends heat beat to peer=1, args={Term:1 LeaderId:2 PrevLogIndex:1 PrevLogTerm:1 Entries:[] LeaderCommitIndex:1}
2019/03/11 23:21:37 peer=2 sends heat beat to peer=0, args={Term:1 LeaderId:2 PrevLogIndex:1 PrevLogTerm:1 Entries:[] LeaderCommitIndex:1}
2019/03/11 23:21:37 peer=1: appending entries, args={Term:1 LeaderId:2 PrevLogIndex:1 PrevLogTerm:1 Entries:[] LeaderCommitIndex:1}
2019/03/11 23:21:37 peer=1's log entries=[{Term:0 Command:-1} {Term:1 Command:101}]
2019/03/11 23:21:37 peer=0: appending entries, args={Term:1 LeaderId:2 PrevLogIndex:1 PrevLogTerm:1 Entries:[] LeaderCommitIndex:1}
2019/03/11 23:21:37 peer=0's log entries=[{Term:0 Command:-1} {Term:1 Command:101}]
2019/03/11 23:21:37 peer=2, nextIndex=[2 2 2]
2019/03/11 23:21:37 peer=2, matchIndex=[1 1 1]
2019/03/11 23:21:37 peer=2, tries to commit index=1, currentCommitIndex=1
2019/03/11 23:21:37 peer=2 sends heat beat to peer=1, args={Term:1 LeaderId:2 PrevLogIndex:1 PrevLogTerm:1 Entries:[] LeaderCommitIndex:1}
2019/03/11 23:21:37 peer=2 sends heat beat to peer=0, args={Term:1 LeaderId:2 PrevLogIndex:1 PrevLogTerm:1 Entries:[] LeaderCommitIndex:1}
2019/03/11 23:21:37 peer=0: appending entries, args={Term:1 LeaderId:2 PrevLogIndex:1 PrevLogTerm:1 Entries:[] LeaderCommitIndex:1}
2019/03/11 23:21:37 peer=1: appending entries, args={Term:1 LeaderId:2 PrevLogIndex:1 PrevLogTerm:1 Entries:[] LeaderCommitIndex:1}
2019/03/11 23:21:37 peer=1's log entries=[{Term:0 Command:-1} {Term:1 Command:101}]
2019/03/11 23:21:37 peer=0's log entries=[{Term:0 Command:-1} {Term:1 Command:101}]
2019/03/11 23:21:37 peer=2, nextIndex=[2 2 2]
2019/03/11 23:21:37 peer=2, matchIndex=[1 1 1]
2019/03/11 23:21:37 peer=2, tries to commit index=1, currentCommitIndex=1
2019/03/11 23:21:37 peer=2 sends heat beat to peer=1, args={Term:1 LeaderId:2 PrevLogIndex:1 PrevLogTerm:1 Entries:[] LeaderCommitIndex:1}
2019/03/11 23:21:37 peer=2 sends heat beat to peer=0, args={Term:1 LeaderId:2 PrevLogIndex:1 PrevLogTerm:1 Entries:[] LeaderCommitIndex:1}
2019/03/11 23:21:37 peer=1: appending entries, args={Term:1 LeaderId:2 PrevLogIndex:1 PrevLogTerm:1 Entries:[] LeaderCommitIndex:1}
2019/03/11 23:21:37 peer=1's log entries=[{Term:0 Command:-1} {Term:1 Command:101}]
2019/03/11 23:21:37 peer=0: appending entries, args={Term:1 LeaderId:2 PrevLogIndex:1 PrevLogTerm:1 Entries:[] LeaderCommitIndex:1}
2019/03/11 23:21:37 peer=0's log entries=[{Term:0 Command:-1} {Term:1 Command:101}]
2019/03/11 23:21:37 peer=2, nextIndex=[2 2 2]
2019/03/11 23:21:37 peer=2, matchIndex=[1 1 1]
2019/03/11 23:21:37 peer=2, tries to commit index=1, currentCommitIndex=1
2019/03/11 23:21:37 peer=2 sends heat beat to peer=1, args={Term:1 LeaderId:2 PrevLogIndex:1 PrevLogTerm:1 Entries:[] LeaderCommitIndex:1}
2019/03/11 23:21:37 peer=2 sends heat beat to peer=0, args={Term:1 LeaderId:2 PrevLogIndex:1 PrevLogTerm:1 Entries:[] LeaderCommitIndex:1}
2019/03/11 23:21:37 peer=1: appending entries, args={Term:1 LeaderId:2 PrevLogIndex:1 PrevLogTerm:1 Entries:[] LeaderCommitIndex:1}
2019/03/11 23:21:37 peer=1's log entries=[{Term:0 Command:-1} {Term:1 Command:101}]
2019/03/11 23:21:37 peer=0: appending entries, args={Term:1 LeaderId:2 PrevLogIndex:1 PrevLogTerm:1 Entries:[] LeaderCommitIndex:1}
2019/03/11 23:21:37 peer=0's log entries=[{Term:0 Command:-1} {Term:1 Command:101}]
2019/03/11 23:21:37 I(0) am a follower of term=1
2019/03/11 23:21:37 I(1) am a follower of term=1
2019/03/11 23:21:37 I(2) am a leader of term=1
2019/03/11 23:21:37 <expected index=2>
2019/03/11 23:21:37 <0 peer(s) agree on index=2>
2019/03/11 23:21:37 <0 peer(s) agree on index=2>
2019/03/11 23:21:37 <0 peer(s) agree on index=2>
2019/03/11 23:21:37 <0 peer(s) agree on index=2>
2019/03/11 23:21:37 peer=2, nextIndex=[2 2 3]
2019/03/11 23:21:37 peer=2, matchIndex=[1 1 2]
2019/03/11 23:21:37 peer=2, tries to commit index=1, currentCommitIndex=1
2019/03/11 23:21:37 peer=2 sends heat beat to peer=1, args={Term:1 LeaderId:2 PrevLogIndex:1 PrevLogTerm:1 Entries:[{Term:1 Command:102}] LeaderCommitIndex:1}
2019/03/11 23:21:37 peer=2 sends heat beat to peer=0, args={Term:1 LeaderId:2 PrevLogIndex:1 PrevLogTerm:1 Entries:[{Term:1 Command:102}] LeaderCommitIndex:1}
2019/03/11 23:21:37 peer=1: appending entries, args={Term:1 LeaderId:2 PrevLogIndex:1 PrevLogTerm:1 Entries:[{Term:1 Command:102}] LeaderCommitIndex:1}
2019/03/11 23:21:37 peer=1's log entries=[{Term:0 Command:-1} {Term:1 Command:101} {Term:1 Command:102}]
2019/03/11 23:21:37 <0 peer(s) agree on index=2>
2019/03/11 23:21:37 <0 peer(s) agree on index=2>
2019/03/11 23:21:37 <0 peer(s) agree on index=2>
2019/03/11 23:21:37 <0 peer(s) agree on index=2>
2019/03/11 23:21:37 <0 peer(s) agree on index=2>
2019/03/11 23:21:37 <0 peer(s) agree on index=2>
2019/03/11 23:21:37 peer=2, nextIndex=[2 3 3]
2019/03/11 23:21:37 peer=2, matchIndex=[1 2 2]
2019/03/11 23:21:37 peer=2, tries to commit index=2, currentCommitIndex=1
2019/03/11 23:21:37 peer=2 sends heat beat to peer=1, args={Term:1 LeaderId:2 PrevLogIndex:2 PrevLogTerm:1 Entries:[] LeaderCommitIndex:2}
2019/03/11 23:21:37 peer=2 sends heat beat to peer=0, args={Term:1 LeaderId:2 PrevLogIndex:1 PrevLogTerm:1 Entries:[{Term:1 Command:102}] LeaderCommitIndex:2}
2019/03/11 23:21:37 peer=1: appending entries, args={Term:1 LeaderId:2 PrevLogIndex:2 PrevLogTerm:1 Entries:[] LeaderCommitIndex:2}
2019/03/11 23:21:37 peer=1 updates commit index to 2
2019/03/11 23:21:37 peer=1's log entries=[{Term:0 Command:-1} {Term:1 Command:101} {Term:1 Command:102}]
2019/03/11 23:21:37 <2 peer(s) agree on index=2>
2019/03/11 23:21:37 <expected index=3>
2019/03/11 23:21:37 <0 peer(s) agree on index=3>
2019/03/11 23:21:37 <0 peer(s) agree on index=3>
2019/03/11 23:21:37 <0 peer(s) agree on index=3>
2019/03/11 23:21:37 <0 peer(s) agree on index=3>
2019/03/11 23:21:37 <0 peer(s) agree on index=3>
2019/03/11 23:21:37 <0 peer(s) agree on index=3>
2019/03/11 23:21:37 peer=2, nextIndex=[2 3 4]
2019/03/11 23:21:37 peer=2, matchIndex=[1 2 3]
2019/03/11 23:21:37 peer=2, tries to commit index=2, currentCommitIndex=2
2019/03/11 23:21:37 peer=2 sends heat beat to peer=1, args={Term:1 LeaderId:2 PrevLogIndex:2 PrevLogTerm:1 Entries:[{Term:1 Command:103}] LeaderCommitIndex:2}
2019/03/11 23:21:37 peer=2 sends heat beat to peer=0, args={Term:1 LeaderId:2 PrevLogIndex:1 PrevLogTerm:1 Entries:[{Term:1 Command:102} {Term:1 Command:103}] LeaderCommitIndex:2}
2019/03/11 23:21:37 peer=1: appending entries, args={Term:1 LeaderId:2 PrevLogIndex:2 PrevLogTerm:1 Entries:[{Term:1 Command:103}] LeaderCommitIndex:2}
2019/03/11 23:21:37 peer=1's log entries=[{Term:0 Command:-1} {Term:1 Command:101} {Term:1 Command:102} {Term:1 Command:103}]
2019/03/11 23:21:37 <0 peer(s) agree on index=3>
2019/03/11 23:21:37 <0 peer(s) agree on index=3>
2019/03/11 23:21:38 <0 peer(s) agree on index=3>
2019/03/11 23:21:38 <0 peer(s) agree on index=3>
2019/03/11 23:21:38 <0 peer(s) agree on index=3>
2019/03/11 23:21:38 peer=2, nextIndex=[2 4 4]
2019/03/11 23:21:38 peer=2, matchIndex=[1 3 3]
2019/03/11 23:21:38 peer=2, tries to commit index=3, currentCommitIndex=2
2019/03/11 23:21:38 peer=2 sends heat beat to peer=1, args={Term:1 LeaderId:2 PrevLogIndex:3 PrevLogTerm:1 Entries:[] LeaderCommitIndex:3}
2019/03/11 23:21:38 peer=2 sends heat beat to peer=0, args={Term:1 LeaderId:2 PrevLogIndex:1 PrevLogTerm:1 Entries:[{Term:1 Command:102} {Term:1 Command:103}] LeaderCommitIndex:3}
2019/03/11 23:21:38 peer=1: appending entries, args={Term:1 LeaderId:2 PrevLogIndex:3 PrevLogTerm:1 Entries:[] LeaderCommitIndex:3}
2019/03/11 23:21:38 peer=1 updates commit index to 3
2019/03/11 23:21:38 peer=1's log entries=[{Term:0 Command:-1} {Term:1 Command:101} {Term:1 Command:102} {Term:1 Command:103}]
2019/03/11 23:21:38 <2 peer(s) agree on index=3>
2019/03/11 23:21:38 peer=2, nextIndex=[2 4 4]
2019/03/11 23:21:38 peer=2, matchIndex=[1 3 3]
2019/03/11 23:21:38 peer=2, tries to commit index=3, currentCommitIndex=3
2019/03/11 23:21:38 peer=2 sends heat beat to peer=1, args={Term:1 LeaderId:2 PrevLogIndex:3 PrevLogTerm:1 Entries:[] LeaderCommitIndex:3}
2019/03/11 23:21:38 peer=2 sends heat beat to peer=0, args={Term:1 LeaderId:2 PrevLogIndex:1 PrevLogTerm:1 Entries:[{Term:1 Command:102} {Term:1 Command:103}] LeaderCommitIndex:3}
2019/03/11 23:21:38 peer=1: appending entries, args={Term:1 LeaderId:2 PrevLogIndex:3 PrevLogTerm:1 Entries:[] LeaderCommitIndex:3}
2019/03/11 23:21:38 peer=1's log entries=[{Term:0 Command:-1} {Term:1 Command:101} {Term:1 Command:102} {Term:1 Command:103}]
2019/03/11 23:21:38 peer=2, nextIndex=[2 4 4]
2019/03/11 23:21:38 peer=2, matchIndex=[1 3 3]
2019/03/11 23:21:38 peer=2, tries to commit index=3, currentCommitIndex=3
2019/03/11 23:21:38 peer=2 sends heat beat to peer=1, args={Term:1 LeaderId:2 PrevLogIndex:3 PrevLogTerm:1 Entries:[] LeaderCommitIndex:3}
2019/03/11 23:21:38 peer=2 sends heat beat to peer=0, args={Term:1 LeaderId:2 PrevLogIndex:1 PrevLogTerm:1 Entries:[{Term:1 Command:102} {Term:1 Command:103}] LeaderCommitIndex:3}
2019/03/11 23:21:38 peer=1: appending entries, args={Term:1 LeaderId:2 PrevLogIndex:3 PrevLogTerm:1 Entries:[] LeaderCommitIndex:3}
2019/03/11 23:21:38 peer=1's log entries=[{Term:0 Command:-1} {Term:1 Command:101} {Term:1 Command:102} {Term:1 Command:103}]
2019/03/11 23:21:38 peer=2, nextIndex=[2 4 4]
2019/03/11 23:21:38 peer=2, matchIndex=[1 3 3]
2019/03/11 23:21:38 peer=2, tries to commit index=3, currentCommitIndex=3
2019/03/11 23:21:38 peer=2 sends heat beat to peer=1, args={Term:1 LeaderId:2 PrevLogIndex:3 PrevLogTerm:1 Entries:[] LeaderCommitIndex:3}
2019/03/11 23:21:38 peer=2 sends heat beat to peer=0, args={Term:1 LeaderId:2 PrevLogIndex:1 PrevLogTerm:1 Entries:[{Term:1 Command:102} {Term:1 Command:103}] LeaderCommitIndex:3}
2019/03/11 23:21:38 peer=1: appending entries, args={Term:1 LeaderId:2 PrevLogIndex:3 PrevLogTerm:1 Entries:[] LeaderCommitIndex:3}
2019/03/11 23:21:38 peer=1's log entries=[{Term:0 Command:-1} {Term:1 Command:101} {Term:1 Command:102} {Term:1 Command:103}]
2019/03/11 23:21:38 peer=2, nextIndex=[2 4 4]
2019/03/11 23:21:38 peer=2, matchIndex=[1 3 3]
2019/03/11 23:21:38 peer=2, tries to commit index=3, currentCommitIndex=3
2019/03/11 23:21:38 peer=2 sends heat beat to peer=1, args={Term:1 LeaderId:2 PrevLogIndex:3 PrevLogTerm:1 Entries:[] LeaderCommitIndex:3}
2019/03/11 23:21:38 peer=2 sends heat beat to peer=0, args={Term:1 LeaderId:2 PrevLogIndex:1 PrevLogTerm:1 Entries:[{Term:1 Command:102} {Term:1 Command:103}] LeaderCommitIndex:3}
2019/03/11 23:21:38 peer=1: appending entries, args={Term:1 LeaderId:2 PrevLogIndex:3 PrevLogTerm:1 Entries:[] LeaderCommitIndex:3}
2019/03/11 23:21:38 peer=1's log entries=[{Term:0 Command:-1} {Term:1 Command:101} {Term:1 Command:102} {Term:1 Command:103}]
2019/03/11 23:21:38 peer=2, nextIndex=[2 4 4]
2019/03/11 23:21:38 peer=2, matchIndex=[1 3 3]
2019/03/11 23:21:38 peer=2, tries to commit index=3, currentCommitIndex=3
2019/03/11 23:21:38 peer=2 sends heat beat to peer=1, args={Term:1 LeaderId:2 PrevLogIndex:3 PrevLogTerm:1 Entries:[] LeaderCommitIndex:3}
2019/03/11 23:21:38 peer=2 sends heat beat to peer=0, args={Term:1 LeaderId:2 PrevLogIndex:1 PrevLogTerm:1 Entries:[{Term:1 Command:102} {Term:1 Command:103}] LeaderCommitIndex:3}
2019/03/11 23:21:38 peer=1: appending entries, args={Term:1 LeaderId:2 PrevLogIndex:3 PrevLogTerm:1 Entries:[] LeaderCommitIndex:3}
2019/03/11 23:21:38 peer=1's log entries=[{Term:0 Command:-1} {Term:1 Command:101} {Term:1 Command:102} {Term:1 Command:103}]
2019/03/11 23:21:38 peer=2, nextIndex=[2 4 4]
2019/03/11 23:21:38 peer=2, matchIndex=[1 3 3]
2019/03/11 23:21:38 peer=2, tries to commit index=3, currentCommitIndex=3
2019/03/11 23:21:38 peer=2 sends heat beat to peer=1, args={Term:1 LeaderId:2 PrevLogIndex:3 PrevLogTerm:1 Entries:[] LeaderCommitIndex:3}
2019/03/11 23:21:38 peer=2 sends heat beat to peer=0, args={Term:1 LeaderId:2 PrevLogIndex:1 PrevLogTerm:1 Entries:[{Term:1 Command:102} {Term:1 Command:103}] LeaderCommitIndex:3}
2019/03/11 23:21:38 peer=1: appending entries, args={Term:1 LeaderId:2 PrevLogIndex:3 PrevLogTerm:1 Entries:[] LeaderCommitIndex:3}
2019/03/11 23:21:38 peer=1's log entries=[{Term:0 Command:-1} {Term:1 Command:101} {Term:1 Command:102} {Term:1 Command:103}]
2019/03/11 23:21:38 peer=2, nextIndex=[2 4 4]
2019/03/11 23:21:38 peer=2, matchIndex=[1 3 3]
2019/03/11 23:21:38 peer=2, tries to commit index=3, currentCommitIndex=3
2019/03/11 23:21:38 peer=2 sends heat beat to peer=1, args={Term:1 LeaderId:2 PrevLogIndex:3 PrevLogTerm:1 Entries:[] LeaderCommitIndex:3}
2019/03/11 23:21:38 peer=2 sends heat beat to peer=0, args={Term:1 LeaderId:2 PrevLogIndex:1 PrevLogTerm:1 Entries:[{Term:1 Command:102} {Term:1 Command:103}] LeaderCommitIndex:3}
2019/03/11 23:21:38 peer=1: appending entries, args={Term:1 LeaderId:2 PrevLogIndex:3 PrevLogTerm:1 Entries:[] LeaderCommitIndex:3}
2019/03/11 23:21:38 peer=1's log entries=[{Term:0 Command:-1} {Term:1 Command:101} {Term:1 Command:102} {Term:1 Command:103}]
2019/03/11 23:21:39 peer=2, nextIndex=[2 4 4]
2019/03/11 23:21:39 peer=2, matchIndex=[1 3 3]
2019/03/11 23:21:39 peer=2, tries to commit index=3, currentCommitIndex=3
2019/03/11 23:21:39 peer=2 sends heat beat to peer=1, args={Term:1 LeaderId:2 PrevLogIndex:3 PrevLogTerm:1 Entries:[] LeaderCommitIndex:3}
2019/03/11 23:21:39 peer=2 sends heat beat to peer=0, args={Term:1 LeaderId:2 PrevLogIndex:1 PrevLogTerm:1 Entries:[{Term:1 Command:102} {Term:1 Command:103}] LeaderCommitIndex:3}
2019/03/11 23:21:39 peer=1: appending entries, args={Term:1 LeaderId:2 PrevLogIndex:3 PrevLogTerm:1 Entries:[] LeaderCommitIndex:3}
2019/03/11 23:21:39 peer=1's log entries=[{Term:0 Command:-1} {Term:1 Command:101} {Term:1 Command:102} {Term:1 Command:103}]
2019/03/11 23:21:39 <expected index=4>
2019/03/11 23:21:39 <0 peer(s) agree on index=4>
2019/03/11 23:21:39 <0 peer(s) agree on index=4>
2019/03/11 23:21:39 <0 peer(s) agree on index=4>
2019/03/11 23:21:39 <0 peer(s) agree on index=4>
2019/03/11 23:21:39 <0 peer(s) agree on index=4>
2019/03/11 23:21:39 peer=2, nextIndex=[2 4 5]
2019/03/11 23:21:39 peer=2, matchIndex=[1 3 4]
2019/03/11 23:21:39 peer=2, tries to commit index=3, currentCommitIndex=3
2019/03/11 23:21:39 peer=2 sends heat beat to peer=1, args={Term:1 LeaderId:2 PrevLogIndex:3 PrevLogTerm:1 Entries:[{Term:1 Command:104}] LeaderCommitIndex:3}
2019/03/11 23:21:39 peer=2 sends heat beat to peer=0, args={Term:1 LeaderId:2 PrevLogIndex:1 PrevLogTerm:1 Entries:[{Term:1 Command:102} {Term:1 Command:103} {Term:1 Command:104}] LeaderCommitIndex:3}
2019/03/11 23:21:39 peer=1: appending entries, args={Term:1 LeaderId:2 PrevLogIndex:3 PrevLogTerm:1 Entries:[{Term:1 Command:104}] LeaderCommitIndex:3}
2019/03/11 23:21:39 peer=1's log entries=[{Term:0 Command:-1} {Term:1 Command:101} {Term:1 Command:102} {Term:1 Command:103} {Term:1 Command:104}]
2019/03/11 23:21:39 <0 peer(s) agree on index=4>
2019/03/11 23:21:39 <0 peer(s) agree on index=4>
2019/03/11 23:21:39 <0 peer(s) agree on index=4>
2019/03/11 23:21:39 <0 peer(s) agree on index=4>
2019/03/11 23:21:39 <0 peer(s) agree on index=4>
2019/03/11 23:21:39 peer=2, nextIndex=[2 5 5]
2019/03/11 23:21:39 peer=2, matchIndex=[1 4 4]
2019/03/11 23:21:39 peer=2, tries to commit index=4, currentCommitIndex=3
2019/03/11 23:21:39 peer=2 sends heat beat to peer=1, args={Term:1 LeaderId:2 PrevLogIndex:4 PrevLogTerm:1 Entries:[] LeaderCommitIndex:4}
2019/03/11 23:21:39 peer=2 sends heat beat to peer=0, args={Term:1 LeaderId:2 PrevLogIndex:1 PrevLogTerm:1 Entries:[{Term:1 Command:102} {Term:1 Command:103} {Term:1 Command:104}] LeaderCommitIndex:4}
2019/03/11 23:21:39 peer=1: appending entries, args={Term:1 LeaderId:2 PrevLogIndex:4 PrevLogTerm:1 Entries:[] LeaderCommitIndex:4}
2019/03/11 23:21:39 peer=1 updates commit index to 4
2019/03/11 23:21:39 peer=1's log entries=[{Term:0 Command:-1} {Term:1 Command:101} {Term:1 Command:102} {Term:1 Command:103} {Term:1 Command:104}]
2019/03/11 23:21:39 <2 peer(s) agree on index=4>
2019/03/11 23:21:39 <expected index=5>
2019/03/11 23:21:39 <0 peer(s) agree on index=5>
2019/03/11 23:21:39 <0 peer(s) agree on index=5>
2019/03/11 23:21:39 <0 peer(s) agree on index=5>
2019/03/11 23:21:39 <0 peer(s) agree on index=5>
2019/03/11 23:21:39 <0 peer(s) agree on index=5>
2019/03/11 23:21:39 peer=2, nextIndex=[2 5 6]
2019/03/11 23:21:39 peer=2, matchIndex=[1 4 5]
2019/03/11 23:21:39 peer=2, tries to commit index=4, currentCommitIndex=4
2019/03/11 23:21:39 peer=2 sends heat beat to peer=1, args={Term:1 LeaderId:2 PrevLogIndex:4 PrevLogTerm:1 Entries:[{Term:1 Command:105}] LeaderCommitIndex:4}
2019/03/11 23:21:39 peer=2 sends heat beat to peer=0, args={Term:1 LeaderId:2 PrevLogIndex:1 PrevLogTerm:1 Entries:[{Term:1 Command:102} {Term:1 Command:103} {Term:1 Command:104} {Term:1 Command:105}] LeaderCommitIndex:4}
2019/03/11 23:21:39 peer=1: appending entries, args={Term:1 LeaderId:2 PrevLogIndex:4 PrevLogTerm:1 Entries:[{Term:1 Command:105}] LeaderCommitIndex:4}
2019/03/11 23:21:39 peer=1's log entries=[{Term:0 Command:-1} {Term:1 Command:101} {Term:1 Command:102} {Term:1 Command:103} {Term:1 Command:104} {Term:1 Command:105}]
2019/03/11 23:21:39 <0 peer(s) agree on index=5>
2019/03/11 23:21:39 <0 peer(s) agree on index=5>
2019/03/11 23:21:39 <0 peer(s) agree on index=5>
2019/03/11 23:21:39 <0 peer(s) agree on index=5>
2019/03/11 23:21:39 <0 peer(s) agree on index=5>
2019/03/11 23:21:39 <0 peer(s) agree on index=5>
2019/03/11 23:21:39 peer=2, nextIndex=[2 6 6]
2019/03/11 23:21:39 peer=2, matchIndex=[1 5 5]
2019/03/11 23:21:39 peer=2, tries to commit index=5, currentCommitIndex=4
2019/03/11 23:21:39 peer=2 sends heat beat to peer=1, args={Term:1 LeaderId:2 PrevLogIndex:5 PrevLogTerm:1 Entries:[] LeaderCommitIndex:5}
2019/03/11 23:21:39 peer=2 sends heat beat to peer=0, args={Term:1 LeaderId:2 PrevLogIndex:1 PrevLogTerm:1 Entries:[{Term:1 Command:102} {Term:1 Command:103} {Term:1 Command:104} {Term:1 Command:105}] LeaderCommitIndex:5}
2019/03/11 23:21:39 peer=1: appending entries, args={Term:1 LeaderId:2 PrevLogIndex:5 PrevLogTerm:1 Entries:[] LeaderCommitIndex:5}
2019/03/11 23:21:39 peer=1 updates commit index to 5
2019/03/11 23:21:39 peer=1's log entries=[{Term:0 Command:-1} {Term:1 Command:101} {Term:1 Command:102} {Term:1 Command:103} {Term:1 Command:104} {Term:1 Command:105}]
2019/03/11 23:21:39 <2 peer(s) agree on index=5>
2019/03/11 23:21:39 <expected index=6>
2019/03/11 23:21:39 <0 peer(s) agree on index=6>
2019/03/11 23:21:39 <0 peer(s) agree on index=6>
2019/03/11 23:21:39 <0 peer(s) agree on index=6>
2019/03/11 23:21:39 <0 peer(s) agree on index=6>
2019/03/11 23:21:39 <0 peer(s) agree on index=6>
2019/03/11 23:21:39 peer=2, nextIndex=[2 6 7]
2019/03/11 23:21:39 peer=2, matchIndex=[1 5 6]
2019/03/11 23:21:39 peer=2, tries to commit index=5, currentCommitIndex=5
2019/03/11 23:21:39 peer=2 sends heat beat to peer=1, args={Term:1 LeaderId:2 PrevLogIndex:5 PrevLogTerm:1 Entries:[{Term:1 Command:106}] LeaderCommitIndex:5}
2019/03/11 23:21:39 peer=2 sends heat beat to peer=0, args={Term:1 LeaderId:2 PrevLogIndex:1 PrevLogTerm:1 Entries:[{Term:1 Command:102} {Term:1 Command:103} {Term:1 Command:104} {Term:1 Command:105} {Term:1 Command:106}] LeaderCommitIndex:5}
2019/03/11 23:21:39 peer=1: appending entries, args={Term:1 LeaderId:2 PrevLogIndex:5 PrevLogTerm:1 Entries:[{Term:1 Command:106}] LeaderCommitIndex:5}
2019/03/11 23:21:39 peer=1's log entries=[{Term:0 Command:-1} {Term:1 Command:101} {Term:1 Command:102} {Term:1 Command:103} {Term:1 Command:104} {Term:1 Command:105} {Term:1 Command:106}]
2019/03/11 23:21:39 peer=0: appending entries, args={Term:1 LeaderId:2 PrevLogIndex:1 PrevLogTerm:1 Entries:[{Term:1 Command:102} {Term:1 Command:103} {Term:1 Command:104} {Term:1 Command:105} {Term:1 Command:106}] LeaderCommitIndex:5}
2019/03/11 23:21:39 peer=0 updates commit index to 5
2019/03/11 23:21:39 peer=0's log entries=[{Term:0 Command:-1} {Term:1 Command:101} {Term:1 Command:102} {Term:1 Command:103} {Term:1 Command:104} {Term:1 Command:105} {Term:1 Command:106}]
2019/03/11 23:21:39 <0 peer(s) agree on index=6>
2019/03/11 23:21:39 <0 peer(s) agree on index=6>
2019/03/11 23:21:39 <0 peer(s) agree on index=6>
2019/03/11 23:21:39 <0 peer(s) agree on index=6>
2019/03/11 23:21:39 <0 peer(s) agree on index=6>
2019/03/11 23:21:39 <0 peer(s) agree on index=6>
2019/03/11 23:21:39 peer=2, nextIndex=[7 7 7]
2019/03/11 23:21:39 peer=2, matchIndex=[6 6 6]
2019/03/11 23:21:39 peer=2, tries to commit index=6, currentCommitIndex=5
2019/03/11 23:21:39 peer=2 sends heat beat to peer=1, args={Term:1 LeaderId:2 PrevLogIndex:6 PrevLogTerm:1 Entries:[] LeaderCommitIndex:6}
2019/03/11 23:21:39 peer=2 sends heat beat to peer=0, args={Term:1 LeaderId:2 PrevLogIndex:6 PrevLogTerm:1 Entries:[] LeaderCommitIndex:6}
2019/03/11 23:21:39 peer=1: appending entries, args={Term:1 LeaderId:2 PrevLogIndex:6 PrevLogTerm:1 Entries:[] LeaderCommitIndex:6}
2019/03/11 23:21:39 peer=1 updates commit index to 6
2019/03/11 23:21:39 peer=0: appending entries, args={Term:1 LeaderId:2 PrevLogIndex:6 PrevLogTerm:1 Entries:[] LeaderCommitIndex:6}
2019/03/11 23:21:39 peer=0 updates commit index to 6
2019/03/11 23:21:39 peer=1's log entries=[{Term:0 Command:-1} {Term:1 Command:101} {Term:1 Command:102} {Term:1 Command:103} {Term:1 Command:104} {Term:1 Command:105} {Term:1 Command:106}]
2019/03/11 23:21:39 peer=0's log entries=[{Term:0 Command:-1} {Term:1 Command:101} {Term:1 Command:102} {Term:1 Command:103} {Term:1 Command:104} {Term:1 Command:105} {Term:1 Command:106}]
2019/03/11 23:21:39 <3 peer(s) agree on index=6>
2019/03/11 23:21:39 peer=2, nextIndex=[7 7 7]
2019/03/11 23:21:39 peer=2, matchIndex=[6 6 6]
2019/03/11 23:21:39 peer=2, tries to commit index=6, currentCommitIndex=6
2019/03/11 23:21:39 peer=2 sends heat beat to peer=1, args={Term:1 LeaderId:2 PrevLogIndex:6 PrevLogTerm:1 Entries:[] LeaderCommitIndex:6}
2019/03/11 23:21:39 peer=2 sends heat beat to peer=0, args={Term:1 LeaderId:2 PrevLogIndex:6 PrevLogTerm:1 Entries:[] LeaderCommitIndex:6}
2019/03/11 23:21:39 peer=1: appending entries, args={Term:1 LeaderId:2 PrevLogIndex:6 PrevLogTerm:1 Entries:[] LeaderCommitIndex:6}
2019/03/11 23:21:39 peer=1's log entries=[{Term:0 Command:-1} {Term:1 Command:101} {Term:1 Command:102} {Term:1 Command:103} {Term:1 Command:104} {Term:1 Command:105} {Term:1 Command:106}]
2019/03/11 23:21:39 peer=0: appending entries, args={Term:1 LeaderId:2 PrevLogIndex:6 PrevLogTerm:1 Entries:[] LeaderCommitIndex:6}
2019/03/11 23:21:39 peer=0's log entries=[{Term:0 Command:-1} {Term:1 Command:101} {Term:1 Command:102} {Term:1 Command:103} {Term:1 Command:104} {Term:1 Command:105} {Term:1 Command:106}]
2019/03/11 23:21:40 peer=2, nextIndex=[7 7 7]
2019/03/11 23:21:40 peer=2, matchIndex=[6 6 6]
2019/03/11 23:21:40 peer=2, tries to commit index=6, currentCommitIndex=6
2019/03/11 23:21:40 peer=2 sends heat beat to peer=1, args={Term:1 LeaderId:2 PrevLogIndex:6 PrevLogTerm:1 Entries:[] LeaderCommitIndex:6}
2019/03/11 23:21:40 peer=2 sends heat beat to peer=0, args={Term:1 LeaderId:2 PrevLogIndex:6 PrevLogTerm:1 Entries:[] LeaderCommitIndex:6}
2019/03/11 23:21:40 peer=1: appending entries, args={Term:1 LeaderId:2 PrevLogIndex:6 PrevLogTerm:1 Entries:[] LeaderCommitIndex:6}
2019/03/11 23:21:40 peer=1's log entries=[{Term:0 Command:-1} {Term:1 Command:101} {Term:1 Command:102} {Term:1 Command:103} {Term:1 Command:104} {Term:1 Command:105} {Term:1 Command:106}]
2019/03/11 23:21:40 peer=0: appending entries, args={Term:1 LeaderId:2 PrevLogIndex:6 PrevLogTerm:1 Entries:[] LeaderCommitIndex:6}
2019/03/11 23:21:40 peer=0's log entries=[{Term:0 Command:-1} {Term:1 Command:101} {Term:1 Command:102} {Term:1 Command:103} {Term:1 Command:104} {Term:1 Command:105} {Term:1 Command:106}]
2019/03/11 23:21:40 peer=2, nextIndex=[7 7 7]
2019/03/11 23:21:40 peer=2, matchIndex=[6 6 6]
2019/03/11 23:21:40 peer=2, tries to commit index=6, currentCommitIndex=6
2019/03/11 23:21:40 peer=2 sends heat beat to peer=1, args={Term:1 LeaderId:2 PrevLogIndex:6 PrevLogTerm:1 Entries:[] LeaderCommitIndex:6}
2019/03/11 23:21:40 peer=2 sends heat beat to peer=0, args={Term:1 LeaderId:2 PrevLogIndex:6 PrevLogTerm:1 Entries:[] LeaderCommitIndex:6}
2019/03/11 23:21:40 peer=0: appending entries, args={Term:1 LeaderId:2 PrevLogIndex:6 PrevLogTerm:1 Entries:[] LeaderCommitIndex:6}
2019/03/11 23:21:40 peer=0's log entries=[{Term:0 Command:-1} {Term:1 Command:101} {Term:1 Command:102} {Term:1 Command:103} {Term:1 Command:104} {Term:1 Command:105} {Term:1 Command:106}]
2019/03/11 23:21:40 peer=1: appending entries, args={Term:1 LeaderId:2 PrevLogIndex:6 PrevLogTerm:1 Entries:[] LeaderCommitIndex:6}
2019/03/11 23:21:40 peer=1's log entries=[{Term:0 Command:-1} {Term:1 Command:101} {Term:1 Command:102} {Term:1 Command:103} {Term:1 Command:104} {Term:1 Command:105} {Term:1 Command:106}]
2019/03/11 23:21:40 peer=2, nextIndex=[7 7 7]
2019/03/11 23:21:40 peer=2, matchIndex=[6 6 6]
2019/03/11 23:21:40 peer=2, tries to commit index=6, currentCommitIndex=6
2019/03/11 23:21:40 peer=2 sends heat beat to peer=1, args={Term:1 LeaderId:2 PrevLogIndex:6 PrevLogTerm:1 Entries:[] LeaderCommitIndex:6}
2019/03/11 23:21:40 peer=2 sends heat beat to peer=0, args={Term:1 LeaderId:2 PrevLogIndex:6 PrevLogTerm:1 Entries:[] LeaderCommitIndex:6}
2019/03/11 23:21:40 peer=1: appending entries, args={Term:1 LeaderId:2 PrevLogIndex:6 PrevLogTerm:1 Entries:[] LeaderCommitIndex:6}
2019/03/11 23:21:40 peer=1's log entries=[{Term:0 Command:-1} {Term:1 Command:101} {Term:1 Command:102} {Term:1 Command:103} {Term:1 Command:104} {Term:1 Command:105} {Term:1 Command:106}]
2019/03/11 23:21:40 peer=0: appending entries, args={Term:1 LeaderId:2 PrevLogIndex:6 PrevLogTerm:1 Entries:[] LeaderCommitIndex:6}
2019/03/11 23:21:40 peer=0's log entries=[{Term:0 Command:-1} {Term:1 Command:101} {Term:1 Command:102} {Term:1 Command:103} {Term:1 Command:104} {Term:1 Command:105} {Term:1 Command:106}]
2019/03/11 23:21:40 peer=2, nextIndex=[7 7 7]
2019/03/11 23:21:40 peer=2, matchIndex=[6 6 6]
2019/03/11 23:21:40 peer=2, tries to commit index=6, currentCommitIndex=6
2019/03/11 23:21:40 peer=2 sends heat beat to peer=0, args={Term:1 LeaderId:2 PrevLogIndex:6 PrevLogTerm:1 Entries:[] LeaderCommitIndex:6}
2019/03/11 23:21:40 peer=2 sends heat beat to peer=1, args={Term:1 LeaderId:2 PrevLogIndex:6 PrevLogTerm:1 Entries:[] LeaderCommitIndex:6}
2019/03/11 23:21:40 peer=0: appending entries, args={Term:1 LeaderId:2 PrevLogIndex:6 PrevLogTerm:1 Entries:[] LeaderCommitIndex:6}
2019/03/11 23:21:40 peer=1: appending entries, args={Term:1 LeaderId:2 PrevLogIndex:6 PrevLogTerm:1 Entries:[] LeaderCommitIndex:6}
2019/03/11 23:21:40 peer=0's log entries=[{Term:0 Command:-1} {Term:1 Command:101} {Term:1 Command:102} {Term:1 Command:103} {Term:1 Command:104} {Term:1 Command:105} {Term:1 Command:106}]
2019/03/11 23:21:40 peer=1's log entries=[{Term:0 Command:-1} {Term:1 Command:101} {Term:1 Command:102} {Term:1 Command:103} {Term:1 Command:104} {Term:1 Command:105} {Term:1 Command:106}]
2019/03/11 23:21:40 peer=2, nextIndex=[7 7 7]
2019/03/11 23:21:40 peer=2, matchIndex=[6 6 6]
2019/03/11 23:21:40 peer=2, tries to commit index=6, currentCommitIndex=6
2019/03/11 23:21:40 peer=2 sends heat beat to peer=1, args={Term:1 LeaderId:2 PrevLogIndex:6 PrevLogTerm:1 Entries:[] LeaderCommitIndex:6}
2019/03/11 23:21:40 peer=2 sends heat beat to peer=0, args={Term:1 LeaderId:2 PrevLogIndex:6 PrevLogTerm:1 Entries:[] LeaderCommitIndex:6}
2019/03/11 23:21:40 peer=1: appending entries, args={Term:1 LeaderId:2 PrevLogIndex:6 PrevLogTerm:1 Entries:[] LeaderCommitIndex:6}
2019/03/11 23:21:40 peer=1's log entries=[{Term:0 Command:-1} {Term:1 Command:101} {Term:1 Command:102} {Term:1 Command:103} {Term:1 Command:104} {Term:1 Command:105} {Term:1 Command:106}]
2019/03/11 23:21:40 peer=0: appending entries, args={Term:1 LeaderId:2 PrevLogIndex:6 PrevLogTerm:1 Entries:[] LeaderCommitIndex:6}
2019/03/11 23:21:40 peer=0's log entries=[{Term:0 Command:-1} {Term:1 Command:101} {Term:1 Command:102} {Term:1 Command:103} {Term:1 Command:104} {Term:1 Command:105} {Term:1 Command:106}]
2019/03/11 23:21:40 peer=2, nextIndex=[7 7 7]
2019/03/11 23:21:40 peer=2, matchIndex=[6 6 6]
2019/03/11 23:21:40 peer=2, tries to commit index=6, currentCommitIndex=6
2019/03/11 23:21:40 peer=2 sends heat beat to peer=1, args={Term:1 LeaderId:2 PrevLogIndex:6 PrevLogTerm:1 Entries:[] LeaderCommitIndex:6}
2019/03/11 23:21:40 peer=2 sends heat beat to peer=0, args={Term:1 LeaderId:2 PrevLogIndex:6 PrevLogTerm:1 Entries:[] LeaderCommitIndex:6}
2019/03/11 23:21:40 peer=1: appending entries, args={Term:1 LeaderId:2 PrevLogIndex:6 PrevLogTerm:1 Entries:[] LeaderCommitIndex:6}
2019/03/11 23:21:40 peer=1's log entries=[{Term:0 Command:-1} {Term:1 Command:101} {Term:1 Command:102} {Term:1 Command:103} {Term:1 Command:104} {Term:1 Command:105} {Term:1 Command:106}]
2019/03/11 23:21:40 peer=0: appending entries, args={Term:1 LeaderId:2 PrevLogIndex:6 PrevLogTerm:1 Entries:[] LeaderCommitIndex:6}
2019/03/11 23:21:40 peer=0's log entries=[{Term:0 Command:-1} {Term:1 Command:101} {Term:1 Command:102} {Term:1 Command:103} {Term:1 Command:104} {Term:1 Command:105} {Term:1 Command:106}]
2019/03/11 23:21:40 peer=2, nextIndex=[7 7 7]
2019/03/11 23:21:40 peer=2, matchIndex=[6 6 6]
2019/03/11 23:21:40 peer=2, tries to commit index=6, currentCommitIndex=6
2019/03/11 23:21:40 peer=2 sends heat beat to peer=1, args={Term:1 LeaderId:2 PrevLogIndex:6 PrevLogTerm:1 Entries:[] LeaderCommitIndex:6}
2019/03/11 23:21:40 peer=2 sends heat beat to peer=0, args={Term:1 LeaderId:2 PrevLogIndex:6 PrevLogTerm:1 Entries:[] LeaderCommitIndex:6}
2019/03/11 23:21:40 peer=1: appending entries, args={Term:1 LeaderId:2 PrevLogIndex:6 PrevLogTerm:1 Entries:[] LeaderCommitIndex:6}
2019/03/11 23:21:40 peer=1's log entries=[{Term:0 Command:-1} {Term:1 Command:101} {Term:1 Command:102} {Term:1 Command:103} {Term:1 Command:104} {Term:1 Command:105} {Term:1 Command:106}]
2019/03/11 23:21:40 peer=0: appending entries, args={Term:1 LeaderId:2 PrevLogIndex:6 PrevLogTerm:1 Entries:[] LeaderCommitIndex:6}
2019/03/11 23:21:40 peer=0's log entries=[{Term:0 Command:-1} {Term:1 Command:101} {Term:1 Command:102} {Term:1 Command:103} {Term:1 Command:104} {Term:1 Command:105} {Term:1 Command:106}]
2019/03/11 23:21:40 <expected index=7>
2019/03/11 23:21:40 <0 peer(s) agree on index=7>
2019/03/11 23:21:40 <0 peer(s) agree on index=7>
2019/03/11 23:21:40 <0 peer(s) agree on index=7>
2019/03/11 23:21:40 <0 peer(s) agree on index=7>
2019/03/11 23:21:40 peer=2, nextIndex=[7 7 8]
2019/03/11 23:21:40 peer=2, matchIndex=[6 6 7]
2019/03/11 23:21:40 peer=2, tries to commit index=6, currentCommitIndex=6
2019/03/11 23:21:40 peer=2 sends heat beat to peer=1, args={Term:1 LeaderId:2 PrevLogIndex:6 PrevLogTerm:1 Entries:[{Term:1 Command:107}] LeaderCommitIndex:6}
2019/03/11 23:21:40 peer=2 sends heat beat to peer=0, args={Term:1 LeaderId:2 PrevLogIndex:6 PrevLogTerm:1 Entries:[{Term:1 Command:107}] LeaderCommitIndex:6}
2019/03/11 23:21:40 peer=1: appending entries, args={Term:1 LeaderId:2 PrevLogIndex:6 PrevLogTerm:1 Entries:[{Term:1 Command:107}] LeaderCommitIndex:6}
2019/03/11 23:21:40 peer=1's log entries=[{Term:0 Command:-1} {Term:1 Command:101} {Term:1 Command:102} {Term:1 Command:103} {Term:1 Command:104} {Term:1 Command:105} {Term:1 Command:106} {Term:1 Command:107}]
2019/03/11 23:21:40 peer=0: appending entries, args={Term:1 LeaderId:2 PrevLogIndex:6 PrevLogTerm:1 Entries:[{Term:1 Command:107}] LeaderCommitIndex:6}
2019/03/11 23:21:40 peer=0's log entries=[{Term:0 Command:-1} {Term:1 Command:101} {Term:1 Command:102} {Term:1 Command:103} {Term:1 Command:104} {Term:1 Command:105} {Term:1 Command:106} {Term:1 Command:107}]
2019/03/11 23:21:40 <0 peer(s) agree on index=7>
2019/03/11 23:21:40 <0 peer(s) agree on index=7>
2019/03/11 23:21:40 <0 peer(s) agree on index=7>
2019/03/11 23:21:40 <0 peer(s) agree on index=7>
2019/03/11 23:21:40 <0 peer(s) agree on index=7>
2019/03/11 23:21:41 peer=2, nextIndex=[8 8 8]
2019/03/11 23:21:41 peer=2, matchIndex=[7 7 7]
2019/03/11 23:21:41 peer=2, tries to commit index=7, currentCommitIndex=6
2019/03/11 23:21:41 peer=2 sends heat beat to peer=1, args={Term:1 LeaderId:2 PrevLogIndex:7 PrevLogTerm:1 Entries:[] LeaderCommitIndex:7}
2019/03/11 23:21:41 peer=2 sends heat beat to peer=0, args={Term:1 LeaderId:2 PrevLogIndex:7 PrevLogTerm:1 Entries:[] LeaderCommitIndex:7}
2019/03/11 23:21:41 peer=1: appending entries, args={Term:1 LeaderId:2 PrevLogIndex:7 PrevLogTerm:1 Entries:[] LeaderCommitIndex:7}
2019/03/11 23:21:41 peer=1 updates commit index to 7
2019/03/11 23:21:41 peer=1's log entries=[{Term:0 Command:-1} {Term:1 Command:101} {Term:1 Command:102} {Term:1 Command:103} {Term:1 Command:104} {Term:1 Command:105} {Term:1 Command:106} {Term:1 Command:107}]
2019/03/11 23:21:41 peer=0: appending entries, args={Term:1 LeaderId:2 PrevLogIndex:7 PrevLogTerm:1 Entries:[] LeaderCommitIndex:7}
2019/03/11 23:21:41 peer=0 updates commit index to 7
2019/03/11 23:21:41 peer=0's log entries=[{Term:0 Command:-1} {Term:1 Command:101} {Term:1 Command:102} {Term:1 Command:103} {Term:1 Command:104} {Term:1 Command:105} {Term:1 Command:106} {Term:1 Command:107}]
2019/03/11 23:21:41 <3 peer(s) agree on index=7>
  ... Passed --   4.6  3   74    7
2019/03/11 23:21:41 peer=0 shut down
2019/03/11 23:21:41 peer=1 shut down
2019/03/11 23:21:41 peer=2 shut down
2019/03/11 23:21:41 peer=0 terminates election time out monitor
2019/03/11 23:21:41 peer=2 terminates election handler
PASS
2019/03/11 23:21:41 peer=1 terminates heart beat handler
ok  	raft	4.636s
